2017-05-08 15:25:29 [scrapy.utils.log] INFO: Scrapy 1.3.3 started (bot: W3school)
2017-05-08 15:25:29 [scrapy.utils.log] INFO: Overridden settings: {'NEWSPIDER_MODULE': 'W3school.spiders', 'BOT_NAME': 'W3school', 'ROBOTSTXT_OBEY': True, 'SPIDER_MODULES': ['W3school.spiders'], 'LOG_ENABLED': False, 'LOG_FILE': 'scrapy.log'}
2017-05-08 15:27:16 [scrapy.utils.log] INFO: Scrapy 1.3.3 started (bot: W3school)
2017-05-08 15:27:16 [scrapy.utils.log] INFO: Overridden settings: {'NEWSPIDER_MODULE': 'W3school.spiders', 'ROBOTSTXT_OBEY': True, 'SPIDER_MODULES': ['W3school.spiders'], 'LOG_FILE': 'scrapy.log', 'BOT_NAME': 'W3school'}
2017-05-08 15:27:16 [scrapy.middleware] INFO: Enabled extensions:
['scrapy.extensions.logstats.LogStats',
 'scrapy.extensions.telnet.TelnetConsole',
 'scrapy.extensions.corestats.CoreStats']
2017-05-08 15:27:16 [scrapy.middleware] INFO: Enabled downloader middlewares:
['scrapy.downloadermiddlewares.robotstxt.RobotsTxtMiddleware',
 'scrapy.downloadermiddlewares.httpauth.HttpAuthMiddleware',
 'scrapy.downloadermiddlewares.downloadtimeout.DownloadTimeoutMiddleware',
 'scrapy.downloadermiddlewares.defaultheaders.DefaultHeadersMiddleware',
 'scrapy.downloadermiddlewares.useragent.UserAgentMiddleware',
 'scrapy.downloadermiddlewares.retry.RetryMiddleware',
 'scrapy.downloadermiddlewares.redirect.MetaRefreshMiddleware',
 'scrapy.downloadermiddlewares.httpcompression.HttpCompressionMiddleware',
 'scrapy.downloadermiddlewares.redirect.RedirectMiddleware',
 'scrapy.downloadermiddlewares.cookies.CookiesMiddleware',
 'scrapy.downloadermiddlewares.stats.DownloaderStats']
2017-05-08 15:27:16 [scrapy.middleware] INFO: Enabled spider middlewares:
['scrapy.spidermiddlewares.httperror.HttpErrorMiddleware',
 'scrapy.spidermiddlewares.offsite.OffsiteMiddleware',
 'scrapy.spidermiddlewares.referer.RefererMiddleware',
 'scrapy.spidermiddlewares.urllength.UrlLengthMiddleware',
 'scrapy.spidermiddlewares.depth.DepthMiddleware']
2017-05-08 15:27:16 [twisted] ERROR: Unhandled error in Deferred:
2017-05-08 15:27:16 [twisted] ERROR: Unhandled Error
Traceback (most recent call last):
  File "d:\hxprogram\python2.7\lib\site-packages\scrapy\commands\crawl.py", line 57, in run
    self.crawler_process.crawl(spname, **opts.spargs)
  File "d:\hxprogram\python2.7\lib\site-packages\scrapy\crawler.py", line 163, in crawl
    return self._crawl(crawler, *args, **kwargs)
  File "d:\hxprogram\python2.7\lib\site-packages\scrapy\crawler.py", line 167, in _crawl
    d = crawler.crawl(*args, **kwargs)
  File "d:\hxprogram\python2.7\lib\site-packages\twisted\internet\defer.py", line 1213, in unwindGenerator
    return _inlineCallbacks(None, gen, Deferred())
--- <exception caught here> ---
  File "d:\hxprogram\python2.7\lib\site-packages\twisted\internet\defer.py", line 1070, in _inlineCallbacks
    result = g.send(result)
  File "d:\hxprogram\python2.7\lib\site-packages\scrapy\crawler.py", line 90, in crawl
    six.reraise(*exc_info)
  File "d:\hxprogram\python2.7\lib\site-packages\scrapy\crawler.py", line 72, in crawl
    self.engine = self._create_engine()
  File "d:\hxprogram\python2.7\lib\site-packages\scrapy\crawler.py", line 97, in _create_engine
    return ExecutionEngine(self, lambda _: self.stop())
  File "d:\hxprogram\python2.7\lib\site-packages\scrapy\core\engine.py", line 70, in __init__
    self.scraper = Scraper(crawler)
  File "d:\hxprogram\python2.7\lib\site-packages\scrapy\core\scraper.py", line 71, in __init__
    self.itemproc = itemproc_cls.from_crawler(crawler)
  File "d:\hxprogram\python2.7\lib\site-packages\scrapy\middleware.py", line 58, in from_crawler
    return cls.from_settings(crawler.settings, crawler)
  File "d:\hxprogram\python2.7\lib\site-packages\scrapy\middleware.py", line 34, in from_settings
    mwcls = load_object(clspath)
  File "d:\hxprogram\python2.7\lib\site-packages\scrapy\utils\misc.py", line 44, in load_object
    mod = import_module(module)
  File "d:\hxprogram\python2.7\lib\importlib\__init__.py", line 37, in import_module
    __import__(name)
exceptions.ImportError: No module named w3school.pipelines

2017-05-08 15:27:59 [scrapy.utils.log] INFO: Scrapy 1.3.3 started (bot: W3school)
2017-05-08 15:27:59 [scrapy.utils.log] INFO: Overridden settings: {'NEWSPIDER_MODULE': 'W3school.spiders', 'ROBOTSTXT_OBEY': True, 'SPIDER_MODULES': ['W3school.spiders'], 'LOG_FILE': 'scrapy.log', 'BOT_NAME': 'W3school'}
2017-05-08 15:27:59 [scrapy.middleware] INFO: Enabled extensions:
['scrapy.extensions.logstats.LogStats',
 'scrapy.extensions.telnet.TelnetConsole',
 'scrapy.extensions.corestats.CoreStats']
2017-05-08 15:27:59 [scrapy.middleware] INFO: Enabled downloader middlewares:
['scrapy.downloadermiddlewares.robotstxt.RobotsTxtMiddleware',
 'scrapy.downloadermiddlewares.httpauth.HttpAuthMiddleware',
 'scrapy.downloadermiddlewares.downloadtimeout.DownloadTimeoutMiddleware',
 'scrapy.downloadermiddlewares.defaultheaders.DefaultHeadersMiddleware',
 'scrapy.downloadermiddlewares.useragent.UserAgentMiddleware',
 'scrapy.downloadermiddlewares.retry.RetryMiddleware',
 'scrapy.downloadermiddlewares.redirect.MetaRefreshMiddleware',
 'scrapy.downloadermiddlewares.httpcompression.HttpCompressionMiddleware',
 'scrapy.downloadermiddlewares.redirect.RedirectMiddleware',
 'scrapy.downloadermiddlewares.cookies.CookiesMiddleware',
 'scrapy.downloadermiddlewares.stats.DownloaderStats']
2017-05-08 15:27:59 [scrapy.middleware] INFO: Enabled spider middlewares:
['scrapy.spidermiddlewares.httperror.HttpErrorMiddleware',
 'scrapy.spidermiddlewares.offsite.OffsiteMiddleware',
 'scrapy.spidermiddlewares.referer.RefererMiddleware',
 'scrapy.spidermiddlewares.urllength.UrlLengthMiddleware',
 'scrapy.spidermiddlewares.depth.DepthMiddleware']
2017-05-08 15:27:59 [scrapy.middleware] INFO: Enabled item pipelines:
['W3school.pipelines.W3SchoolPipeline']
2017-05-08 15:27:59 [scrapy.core.engine] INFO: Spider opened
2017-05-08 15:27:59 [scrapy.extensions.logstats] INFO: Crawled 0 pages (at 0 pages/min), scraped 0 items (at 0 items/min)
2017-05-08 15:27:59 [scrapy.extensions.telnet] DEBUG: Telnet console listening on 127.0.0.1:6023
2017-05-08 15:27:59 [scrapy.core.engine] DEBUG: Crawled (200) <GET http://www.w3school.com.cn/robots.txt> (referer: None)
2017-05-08 15:27:59 [scrapy.core.engine] DEBUG: Crawled (200) <GET http://www.w3school.com.cn/xml/xml_syntax.asp> (referer: None)
2017-05-08 15:28:00 [scrapy.core.scraper] DEBUG: Scraped from <200 http://www.w3school.com.cn/xml/xml_syntax.asp>
{'desc': ['XML \xe6\x95\x99\xe7\xa8\x8b'],
 'link': ['/xml/index.asp'],
 'title': ['XML \xe6\x95\x99\xe7\xa8\x8b']}
2017-05-08 15:28:00 [scrapy.core.scraper] DEBUG: Scraped from <200 http://www.w3school.com.cn/xml/xml_syntax.asp>
{'desc': ['XML \xe7\xae\x80\xe4\xbb\x8b'],
 'link': ['/xml/xml_intro.asp'],
 'title': ['XML \xe7\xae\x80\xe4\xbb\x8b']}
2017-05-08 15:28:00 [scrapy.core.scraper] DEBUG: Scraped from <200 http://www.w3school.com.cn/xml/xml_syntax.asp>
{'desc': ['XML \xe7\x9a\x84\xe7\x94\xa8\xe9\x80\x94'],
 'link': ['/xml/xml_usedfor.asp'],
 'title': ['XML \xe7\x94\xa8\xe9\x80\x94']}
2017-05-08 15:28:00 [scrapy.core.scraper] DEBUG: Scraped from <200 http://www.w3school.com.cn/xml/xml_syntax.asp>
{'desc': ['XML \xe6\xa0\x91\xe7\xbb\x93\xe6\x9e\x84'],
 'link': ['/xml/xml_tree.asp'],
 'title': ['XML \xe6\xa0\x91\xe7\xbb\x93\xe6\x9e\x84']}
2017-05-08 15:28:00 [scrapy.core.scraper] DEBUG: Scraped from <200 http://www.w3school.com.cn/xml/xml_syntax.asp>
{'desc': ['XML \xe8\xaf\xad\xe6\xb3\x95\xe8\xa7\x84\xe5\x88\x99'],
 'link': ['/xml/xml_syntax.asp'],
 'title': ['XML \xe8\xaf\xad\xe6\xb3\x95']}
2017-05-08 15:28:00 [scrapy.core.scraper] DEBUG: Scraped from <200 http://www.w3school.com.cn/xml/xml_syntax.asp>
{'desc': ['XML \xe5\x85\x83\xe7\xb4\xa0'],
 'link': ['/xml/xml_elements.asp'],
 'title': ['XML \xe5\x85\x83\xe7\xb4\xa0']}
2017-05-08 15:28:00 [scrapy.core.scraper] DEBUG: Scraped from <200 http://www.w3school.com.cn/xml/xml_syntax.asp>
{'desc': ['XML \xe5\xb1\x9e\xe6\x80\xa7'],
 'link': ['/xml/xml_attributes.asp'],
 'title': ['XML \xe5\xb1\x9e\xe6\x80\xa7']}
2017-05-08 15:28:00 [scrapy.core.scraper] DEBUG: Scraped from <200 http://www.w3school.com.cn/xml/xml_syntax.asp>
{'desc': ['XML \xe9\xaa\x8c\xe8\xaf\x81'],
 'link': ['/xml/xml_dtd.asp'],
 'title': ['XML \xe9\xaa\x8c\xe8\xaf\x81']}
2017-05-08 15:28:00 [scrapy.core.scraper] DEBUG: Scraped from <200 http://www.w3school.com.cn/xml/xml_syntax.asp>
{'desc': ['XML \xe9\xaa\x8c\xe8\xaf\x81\xe5\x99\xa8'],
 'link': ['/xml/xml_validator.asp'],
 'title': ['XML \xe9\xaa\x8c\xe8\xaf\x81\xe5\x99\xa8']}
2017-05-08 15:28:00 [scrapy.core.scraper] DEBUG: Scraped from <200 http://www.w3school.com.cn/xml/xml_syntax.asp>
{'desc': ['XML \xe6\xb5\x8f\xe8\xa7\x88\xe5\x99\xa8\xe6\x94\xaf\xe6\x8c\x81'],
 'link': ['/xml/xml_browsers.asp'],
 'title': ['XML \xe6\xb5\x8f\xe8\xa7\x88\xe5\x99\xa8']}
2017-05-08 15:28:00 [scrapy.core.scraper] DEBUG: Scraped from <200 http://www.w3school.com.cn/xml/xml_syntax.asp>
{'desc': ['\xe6\x9f\xa5\xe7\x9c\x8b XML \xe6\x96\x87\xe4\xbb\xb6'],
 'link': ['/xml/xml_view.asp'],
 'title': ['XML \xe6\x9f\xa5\xe7\x9c\x8b']}
2017-05-08 15:28:00 [scrapy.core.scraper] DEBUG: Scraped from <200 http://www.w3school.com.cn/xml/xml_syntax.asp>
{'desc': ['\xe4\xbd\xbf\xe7\x94\xa8 CSS \xe6\x98\xbe\xe7\xa4\xba XML'],
 'link': ['/xml/xml_display.asp'],
 'title': ['XML CSS']}
2017-05-08 15:28:00 [scrapy.core.scraper] DEBUG: Scraped from <200 http://www.w3school.com.cn/xml/xml_syntax.asp>
{'desc': ['\xe4\xbd\xbf\xe7\x94\xa8 XSLT \xe6\x98\xbe\xe7\xa4\xba XML'],
 'link': ['/xml/xml_xsl.asp'],
 'title': ['XML XSLT']}
2017-05-08 15:28:00 [scrapy.core.engine] INFO: Closing spider (finished)
2017-05-08 15:28:00 [scrapy.statscollectors] INFO: Dumping Scrapy stats:
{'downloader/request_bytes': 462,
 'downloader/request_count': 2,
 'downloader/request_method_count/GET': 2,
 'downloader/response_bytes': 22706,
 'downloader/response_count': 2,
 'downloader/response_status_count/200': 2,
 'finish_reason': 'finished',
 'finish_time': datetime.datetime(2017, 5, 8, 7, 28, 0, 81000),
 'item_scraped_count': 13,
 'log_count/DEBUG': 16,
 'log_count/INFO': 7,
 'response_received_count': 2,
 'scheduler/dequeued': 1,
 'scheduler/dequeued/memory': 1,
 'scheduler/enqueued': 1,
 'scheduler/enqueued/memory': 1,
 'start_time': datetime.datetime(2017, 5, 8, 7, 27, 59, 656000)}
2017-05-08 15:28:00 [scrapy.core.engine] INFO: Spider closed (finished)
2017-05-08 15:51:07 [scrapy.utils.log] INFO: Scrapy 1.3.3 started (bot: W3school)
2017-05-08 15:51:07 [scrapy.utils.log] INFO: Overridden settings: {'NEWSPIDER_MODULE': 'W3school.spiders', 'ROBOTSTXT_OBEY': True, 'DUPEFILTER_CLASS': 'scrapy.dupefilters.BaseDupeFilter', 'SPIDER_MODULES': ['W3school.spiders'], 'BOT_NAME': 'W3school', 'LOGSTATS_INTERVAL': 0, 'LOG_FILE': 'scrapy.log'}
2017-05-08 15:51:07 [scrapy.middleware] INFO: Enabled extensions:
['scrapy.extensions.telnet.TelnetConsole',
 'scrapy.extensions.corestats.CoreStats']
2017-05-08 15:51:07 [scrapy.middleware] INFO: Enabled downloader middlewares:
['scrapy.downloadermiddlewares.robotstxt.RobotsTxtMiddleware',
 'scrapy.downloadermiddlewares.httpauth.HttpAuthMiddleware',
 'scrapy.downloadermiddlewares.downloadtimeout.DownloadTimeoutMiddleware',
 'scrapy.downloadermiddlewares.defaultheaders.DefaultHeadersMiddleware',
 'scrapy.downloadermiddlewares.useragent.UserAgentMiddleware',
 'scrapy.downloadermiddlewares.retry.RetryMiddleware',
 'scrapy.downloadermiddlewares.redirect.MetaRefreshMiddleware',
 'scrapy.downloadermiddlewares.httpcompression.HttpCompressionMiddleware',
 'scrapy.downloadermiddlewares.redirect.RedirectMiddleware',
 'scrapy.downloadermiddlewares.cookies.CookiesMiddleware',
 'scrapy.downloadermiddlewares.stats.DownloaderStats']
2017-05-08 15:51:07 [scrapy.middleware] INFO: Enabled spider middlewares:
['scrapy.spidermiddlewares.httperror.HttpErrorMiddleware',
 'scrapy.spidermiddlewares.offsite.OffsiteMiddleware',
 'scrapy.spidermiddlewares.referer.RefererMiddleware',
 'scrapy.spidermiddlewares.urllength.UrlLengthMiddleware',
 'scrapy.spidermiddlewares.depth.DepthMiddleware']
2017-05-08 15:51:07 [scrapy.middleware] INFO: Enabled item pipelines:
['W3school.pipelines.W3SchoolPipeline']
2017-05-08 15:51:07 [scrapy.extensions.telnet] DEBUG: Telnet console listening on 127.0.0.1:6023
2017-05-08 15:52:53 [scrapy.utils.log] INFO: Scrapy 1.3.3 started (bot: W3school)
2017-05-08 15:52:53 [scrapy.utils.log] INFO: Overridden settings: {'NEWSPIDER_MODULE': 'W3school.spiders', 'ROBOTSTXT_OBEY': True, 'DUPEFILTER_CLASS': 'scrapy.dupefilters.BaseDupeFilter', 'SPIDER_MODULES': ['W3school.spiders'], 'BOT_NAME': 'W3school', 'LOGSTATS_INTERVAL': 0, 'LOG_FILE': 'scrapy.log'}
2017-05-08 15:52:53 [scrapy.middleware] INFO: Enabled extensions:
['scrapy.extensions.telnet.TelnetConsole',
 'scrapy.extensions.corestats.CoreStats']
2017-05-08 15:52:53 [scrapy.middleware] INFO: Enabled downloader middlewares:
['scrapy.downloadermiddlewares.robotstxt.RobotsTxtMiddleware',
 'scrapy.downloadermiddlewares.httpauth.HttpAuthMiddleware',
 'scrapy.downloadermiddlewares.downloadtimeout.DownloadTimeoutMiddleware',
 'scrapy.downloadermiddlewares.defaultheaders.DefaultHeadersMiddleware',
 'scrapy.downloadermiddlewares.useragent.UserAgentMiddleware',
 'scrapy.downloadermiddlewares.retry.RetryMiddleware',
 'scrapy.downloadermiddlewares.redirect.MetaRefreshMiddleware',
 'scrapy.downloadermiddlewares.httpcompression.HttpCompressionMiddleware',
 'scrapy.downloadermiddlewares.redirect.RedirectMiddleware',
 'scrapy.downloadermiddlewares.cookies.CookiesMiddleware',
 'scrapy.downloadermiddlewares.stats.DownloaderStats']
2017-05-08 15:52:53 [scrapy.middleware] INFO: Enabled spider middlewares:
['scrapy.spidermiddlewares.httperror.HttpErrorMiddleware',
 'scrapy.spidermiddlewares.offsite.OffsiteMiddleware',
 'scrapy.spidermiddlewares.referer.RefererMiddleware',
 'scrapy.spidermiddlewares.urllength.UrlLengthMiddleware',
 'scrapy.spidermiddlewares.depth.DepthMiddleware']
2017-05-08 15:52:53 [scrapy.middleware] INFO: Enabled item pipelines:
['W3school.pipelines.W3SchoolPipeline']
2017-05-08 15:52:53 [scrapy.extensions.telnet] DEBUG: Telnet console listening on 127.0.0.1:6023
2017-05-08 15:52:53 [scrapy.core.engine] INFO: Spider opened
2017-05-08 15:52:53 [scrapy.core.engine] DEBUG: Crawled (200) <GET http://www.w3school.com.cn/robots.txt> (referer: None)
2017-05-08 15:52:53 [scrapy.core.engine] DEBUG: Crawled (200) <GET http://www.w3school.com.cn/xml/xml_syntax.asp> (referer: None)
