2015-09-16 17:59:12 [scrapy] INFO: Scrapy 1.0.1 started (bot: tutorial)
2015-09-16 17:59:12 [scrapy] INFO: Optional features available: ssl, http11
2015-09-16 17:59:12 [scrapy] INFO: Overridden settings: {'NEWSPIDER_MODULE': 'tutorial.spiders', 'SPIDER_MODULES': ['tutorial.spiders'], 'LOG_FILE': 'scrapy.log', 'BOT_NAME': 'tutorial'}
2015-09-16 17:59:12 [scrapy] INFO: Enabled extensions: CloseSpider, TelnetConsole, LogStats, CoreStats, SpiderState
2015-09-16 18:09:13 [scrapy] INFO: Enabled downloader middlewares: ProxyMiddleware, HttpAuthMiddleware, DownloadTimeoutMiddleware, UserAgentMiddleware, RetryMiddleware, DefaultHeadersMiddleware, MetaRefreshMiddleware, HttpCompressionMiddleware, RedirectMiddleware, CookiesMiddleware, ChunkedTransferMiddleware, DownloaderStats
2015-09-16 18:09:13 [scrapy] INFO: Enabled spider middlewares: HttpErrorMiddleware, OffsiteMiddleware, RefererMiddleware, UrlLengthMiddleware, DepthMiddleware
2015-09-16 18:09:13 [scrapy] INFO: Enabled item pipelines: 
2015-09-16 18:09:13 [scrapy] INFO: Spider opened
2015-09-16 18:09:13 [scrapy] INFO: Crawled 0 pages (at 0 pages/min), scraped 0 items (at 0 items/min)
2015-09-16 18:09:13 [scrapy] DEBUG: Telnet console listening on 127.0.0.1:6023
2015-09-16 18:09:13 [root] INFO: Squence - http: 0 - (u'115.44.9.85', u'8118')
2015-09-16 18:09:13 [root] INFO: Squence - http: 1 - (u'119.28.14.97', u'80')
2015-09-16 18:09:16 [scrapy] DEBUG: Crawled (200) <GET http://www.dmoz.org/Computers/Programming/Languages/Python/Resources/> (referer: None)
2015-09-16 18:09:18 [scrapy] DEBUG: Crawled (200) <GET http://www.dmoz.org/Computers/Programming/Languages/Python/Books/> (referer: None)
2015-09-16 18:09:19 [scrapy] INFO: Closing spider (finished)
2015-09-16 18:09:19 [scrapy] INFO: Dumping Scrapy stats:
{'downloader/request_bytes': 514,
 'downloader/request_count': 2,
 'downloader/request_method_count/GET': 2,
 'downloader/response_bytes': 40060,
 'downloader/response_count': 2,
 'downloader/response_status_count/200': 2,
 'finish_reason': 'finished',
 'finish_time': datetime.datetime(2015, 9, 16, 10, 9, 19, 39000),
 'log_count/DEBUG': 3,
 'log_count/INFO': 9,
 'response_received_count': 2,
 'scheduler/dequeued': 2,
 'scheduler/dequeued/memory': 2,
 'scheduler/enqueued': 2,
 'scheduler/enqueued/memory': 2,
 'start_time': datetime.datetime(2015, 9, 16, 10, 9, 13, 711000)}
2015-09-16 18:09:19 [scrapy] INFO: Spider closed (finished)
