2017-05-05 15:09:51 [scrapy.utils.log] INFO: Scrapy 1.3.3 started (bot: topgoods)
2017-05-05 15:09:51 [scrapy.utils.log] INFO: Overridden settings: {'NEWSPIDER_MODULE': 'topgoods.spiders', 'SPIDER_MODULES': ['topgoods.spiders'], 'LOG_ENABLED': False, 'LOG_FILE': 'scrapy.log', 'BOT_NAME': 'topgoods'}
2017-05-05 15:10:15 [scrapy.utils.log] INFO: Scrapy 1.3.3 started (bot: topgoods)
2017-05-05 15:10:15 [scrapy.utils.log] INFO: Overridden settings: {'NEWSPIDER_MODULE': 'topgoods.spiders', 'SPIDER_MODULES': ['topgoods.spiders'], 'LOG_FILE': 'scrapy.log', 'BOT_NAME': 'topgoods'}
2017-05-05 15:10:15 [scrapy.middleware] INFO: Enabled extensions:
['scrapy.extensions.logstats.LogStats',
 'scrapy.extensions.telnet.TelnetConsole',
 'scrapy.extensions.corestats.CoreStats']
2017-05-05 15:10:15 [py.warnings] WARNING: d:\hxprogram\python2.7\lib\site-packages\scrapy\utils\deprecate.py:156: ScrapyDeprecationWarning: `scrapy.contrib.downloadermiddleware.httpproxy.HttpProxyMiddleware` class is deprecated, use `scrapy.downloadermiddlewares.httpproxy.HttpProxyMiddleware` instead
  ScrapyDeprecationWarning)

2017-05-05 15:10:15 [scrapy.middleware] INFO: Enabled downloader middlewares:
['scrapy.downloadermiddlewares.httpauth.HttpAuthMiddleware',
 'scrapy.downloadermiddlewares.downloadtimeout.DownloadTimeoutMiddleware',
 'scrapy.downloadermiddlewares.defaultheaders.DefaultHeadersMiddleware',
 'scrapy.downloadermiddlewares.useragent.UserAgentMiddleware',
 'scrapy.downloadermiddlewares.retry.RetryMiddleware',
 'scrapy.downloadermiddlewares.redirect.MetaRefreshMiddleware',
 'scrapy.downloadermiddlewares.httpcompression.HttpCompressionMiddleware',
 'scrapy.downloadermiddlewares.redirect.RedirectMiddleware',
 'scrapy.downloadermiddlewares.cookies.CookiesMiddleware',
 'scrapy.downloadermiddlewares.stats.DownloaderStats']
2017-05-05 15:10:15 [scrapy.middleware] INFO: Enabled spider middlewares:
['scrapy.spidermiddlewares.httperror.HttpErrorMiddleware',
 'scrapy.spidermiddlewares.offsite.OffsiteMiddleware',
 'scrapy.spidermiddlewares.referer.RefererMiddleware',
 'scrapy.spidermiddlewares.urllength.UrlLengthMiddleware',
 'scrapy.spidermiddlewares.depth.DepthMiddleware']
2017-05-05 15:10:15 [twisted] ERROR: Unhandled error in Deferred:
2017-05-05 15:10:15 [twisted] ERROR: Unhandled Error
Traceback (most recent call last):
  File "d:\hxprogram\python2.7\lib\site-packages\scrapy\commands\crawl.py", line 57, in run
    self.crawler_process.crawl(spname, **opts.spargs)
  File "d:\hxprogram\python2.7\lib\site-packages\scrapy\crawler.py", line 163, in crawl
    return self._crawl(crawler, *args, **kwargs)
  File "d:\hxprogram\python2.7\lib\site-packages\scrapy\crawler.py", line 167, in _crawl
    d = crawler.crawl(*args, **kwargs)
  File "d:\hxprogram\python2.7\lib\site-packages\twisted\internet\defer.py", line 1213, in unwindGenerator
    return _inlineCallbacks(None, gen, Deferred())
--- <exception caught here> ---
  File "d:\hxprogram\python2.7\lib\site-packages\twisted\internet\defer.py", line 1070, in _inlineCallbacks
    result = g.send(result)
  File "d:\hxprogram\python2.7\lib\site-packages\scrapy\crawler.py", line 90, in crawl
    six.reraise(*exc_info)
  File "d:\hxprogram\python2.7\lib\site-packages\scrapy\crawler.py", line 72, in crawl
    self.engine = self._create_engine()
  File "d:\hxprogram\python2.7\lib\site-packages\scrapy\crawler.py", line 97, in _create_engine
    return ExecutionEngine(self, lambda _: self.stop())
  File "d:\hxprogram\python2.7\lib\site-packages\scrapy\core\engine.py", line 70, in __init__
    self.scraper = Scraper(crawler)
  File "d:\hxprogram\python2.7\lib\site-packages\scrapy\core\scraper.py", line 71, in __init__
    self.itemproc = itemproc_cls.from_crawler(crawler)
  File "d:\hxprogram\python2.7\lib\site-packages\scrapy\middleware.py", line 58, in from_crawler
    return cls.from_settings(crawler.settings, crawler)
  File "d:\hxprogram\python2.7\lib\site-packages\scrapy\middleware.py", line 34, in from_settings
    mwcls = load_object(clspath)
  File "d:\hxprogram\python2.7\lib\site-packages\scrapy\utils\misc.py", line 44, in load_object
    mod = import_module(module)
  File "d:\hxprogram\python2.7\lib\importlib\__init__.py", line 37, in import_module
    __import__(name)
  File "d:\hxprogram\python2.7\lib\site-packages\scrapy\pipelines\images.py", line 15, in <module>
    from PIL import Image
exceptions.ImportError: No module named PIL

2017-05-05 15:29:48 [scrapy.utils.log] INFO: Scrapy 1.3.3 started (bot: topgoods)
2017-05-05 15:29:48 [scrapy.utils.log] INFO: Overridden settings: {'NEWSPIDER_MODULE': 'topgoods.spiders', 'SPIDER_MODULES': ['topgoods.spiders'], 'LOG_ENABLED': False, 'LOG_FILE': 'scrapy.log', 'BOT_NAME': 'topgoods'}
2017-05-05 15:30:00 [scrapy.utils.log] INFO: Scrapy 1.3.3 started (bot: topgoods)
2017-05-05 15:30:00 [scrapy.utils.log] INFO: Overridden settings: {'NEWSPIDER_MODULE': 'topgoods.spiders', 'SPIDER_MODULES': ['topgoods.spiders'], 'LOG_FILE': 'scrapy.log', 'BOT_NAME': 'topgoods'}
2017-05-05 15:30:00 [scrapy.middleware] INFO: Enabled extensions:
['scrapy.extensions.logstats.LogStats',
 'scrapy.extensions.telnet.TelnetConsole',
 'scrapy.extensions.corestats.CoreStats']
2017-05-05 15:30:00 [py.warnings] WARNING: d:\hxprogram\python2.7\lib\site-packages\scrapy\utils\deprecate.py:156: ScrapyDeprecationWarning: `scrapy.contrib.downloadermiddleware.httpproxy.HttpProxyMiddleware` class is deprecated, use `scrapy.downloadermiddlewares.httpproxy.HttpProxyMiddleware` instead
  ScrapyDeprecationWarning)

2017-05-05 15:30:01 [scrapy.middleware] INFO: Enabled downloader middlewares:
['scrapy.downloadermiddlewares.httpauth.HttpAuthMiddleware',
 'scrapy.downloadermiddlewares.downloadtimeout.DownloadTimeoutMiddleware',
 'scrapy.downloadermiddlewares.defaultheaders.DefaultHeadersMiddleware',
 'scrapy.downloadermiddlewares.useragent.UserAgentMiddleware',
 'scrapy.downloadermiddlewares.retry.RetryMiddleware',
 'scrapy.downloadermiddlewares.redirect.MetaRefreshMiddleware',
 'scrapy.downloadermiddlewares.httpcompression.HttpCompressionMiddleware',
 'scrapy.downloadermiddlewares.redirect.RedirectMiddleware',
 'scrapy.downloadermiddlewares.cookies.CookiesMiddleware',
 'scrapy.downloadermiddlewares.stats.DownloaderStats']
2017-05-05 15:30:01 [scrapy.middleware] INFO: Enabled spider middlewares:
['scrapy.spidermiddlewares.httperror.HttpErrorMiddleware',
 'scrapy.spidermiddlewares.offsite.OffsiteMiddleware',
 'scrapy.spidermiddlewares.referer.RefererMiddleware',
 'scrapy.spidermiddlewares.urllength.UrlLengthMiddleware',
 'scrapy.spidermiddlewares.depth.DepthMiddleware']
2017-05-05 15:30:01 [scrapy.middleware] INFO: Enabled item pipelines:
['scrapy.pipelines.images.ImagesPipeline']
2017-05-05 15:30:01 [scrapy.core.engine] INFO: Spider opened
2017-05-05 15:30:01 [scrapy.extensions.logstats] INFO: Crawled 0 pages (at 0 pages/min), scraped 0 items (at 0 items/min)
2017-05-05 15:30:01 [scrapy.extensions.telnet] DEBUG: Telnet console listening on 127.0.0.1:6023
2017-05-05 15:30:01 [scrapy.downloadermiddlewares.redirect] DEBUG: Redirecting (301) to <GET https://list.tmall.com/search_product.htm?type=pc&totalPage=100&cat=50025135&sort=d&style=g&from=sn_1_cat-qp&active=1&jumpto=10> from <GET http://list.tmall.com/search_product.htm?type=pc&totalPage=100&cat=50025135&sort=d&style=g&from=sn_1_cat-qp&active=1&jumpto=10#J_Filter>
2017-05-05 15:30:01 [scrapy.downloadermiddlewares.redirect] DEBUG: Redirecting (302) to <GET https://login.taobao.com/jump?target=https%3A%2F%2Flist.tmall.com%2Fsearch_product.htm%3Ftbpm%3D1%26type%3Dpc%26totalPage%3D100%26cat%3D50025135%26sort%3Dd%26style%3Dg%26from%3Dsn_1_cat-qp%26active%3D1%26jumpto%3D10> from <GET https://list.tmall.com/search_product.htm?type=pc&totalPage=100&cat=50025135&sort=d&style=g&from=sn_1_cat-qp&active=1&jumpto=10>
2017-05-05 15:30:01 [scrapy.downloadermiddlewares.redirect] DEBUG: Redirecting (302) to <GET https://pass.tmall.com/add?cookie2=1341a89a6706094496210239d57077bc&t=20c67cf90740672cd78bbc3161a95cf6&_tb_token_=f0b913e765e57&tmsc=1493969404243000&opi=11.128.44.79&pacc=AVwgIcYnlKAIb-3j3bWTkw==&target=https%3A%2F%2Flist.tmall.com%2Fsearch_product.htm%3Ftbpm%3D1%26type%3Dpc%26totalPage%3D100%26cat%3D50025135%26sort%3Dd%26style%3Dg%26from%3Dsn_1_cat-qp%26active%3D1%26jumpto%3D10> from <GET https://login.taobao.com/jump?target=https%3A%2F%2Flist.tmall.com%2Fsearch_product.htm%3Ftbpm%3D1%26type%3Dpc%26totalPage%3D100%26cat%3D50025135%26sort%3Dd%26style%3Dg%26from%3Dsn_1_cat-qp%26active%3D1%26jumpto%3D10>
2017-05-05 15:30:02 [scrapy.downloadermiddlewares.redirect] DEBUG: Redirecting (302) to <GET https://list.tmall.com/search_product.htm?tbpm=1&type=pc&totalPage=100&cat=50025135&sort=d&style=g&from=sn_1_cat-qp&active=1&jumpto=10> from <GET https://pass.tmall.com/add?cookie2=1341a89a6706094496210239d57077bc&t=20c67cf90740672cd78bbc3161a95cf6&_tb_token_=f0b913e765e57&tmsc=1493969404243000&opi=11.128.44.79&pacc=AVwgIcYnlKAIb-3j3bWTkw==&target=https%3A%2F%2Flist.tmall.com%2Fsearch_product.htm%3Ftbpm%3D1%26type%3Dpc%26totalPage%3D100%26cat%3D50025135%26sort%3Dd%26style%3Dg%26from%3Dsn_1_cat-qp%26active%3D1%26jumpto%3D10>
2017-05-05 15:30:02 [scrapy.downloadermiddlewares.redirect] DEBUG: Redirecting (302) to <GET https://list.tmall.com/search_product.htm?type=pc&totalPage=100&cat=50025135&sort=d&style=g&from=sn_1_cat-qp&active=1&jumpto=10> from <GET https://list.tmall.com/search_product.htm?tbpm=1&type=pc&totalPage=100&cat=50025135&sort=d&style=g&from=sn_1_cat-qp&active=1&jumpto=10>
2017-05-05 15:30:02 [scrapy.core.engine] DEBUG: Crawled (200) <GET https://list.tmall.com/search_product.htm?type=pc&totalPage=100&cat=50025135&sort=d&style=g&from=sn_1_cat-qp&active=1&jumpto=10> (referer: None)
2017-05-05 15:30:02 [tm_goods] DEBUG: List Page error--https://list.tmall.com/search_product.htm?type=pc&totalPage=100&cat=50025135&sort=d&style=g&from=sn_1_cat-qp&active=1&jumpto=10
2017-05-05 15:30:02 [scrapy.core.engine] INFO: Closing spider (finished)
2017-05-05 15:30:02 [scrapy.statscollectors] INFO: Dumping Scrapy stats:
{'downloader/request_bytes': 2470,
 'downloader/request_count': 6,
 'downloader/request_method_count/GET': 6,
 'downloader/response_bytes': 47124,
 'downloader/response_count': 6,
 'downloader/response_status_count/200': 1,
 'downloader/response_status_count/301': 1,
 'downloader/response_status_count/302': 4,
 'finish_reason': 'finished',
 'finish_time': datetime.datetime(2017, 5, 5, 7, 30, 2, 809000),
 'log_count/DEBUG': 8,
 'log_count/INFO': 7,
 'log_count/WARNING': 1,
 'response_received_count': 1,
 'scheduler/dequeued': 6,
 'scheduler/dequeued/memory': 6,
 'scheduler/enqueued': 6,
 'scheduler/enqueued/memory': 6,
 'start_time': datetime.datetime(2017, 5, 5, 7, 30, 1, 195000)}
2017-05-05 15:30:02 [scrapy.core.engine] INFO: Spider closed (finished)
2017-05-08 13:35:44 [scrapy.utils.log] INFO: Scrapy 1.3.3 started (bot: topgoods)
2017-05-08 13:35:44 [scrapy.utils.log] INFO: Overridden settings: {'NEWSPIDER_MODULE': 'topgoods.spiders', 'SPIDER_LOADER_WARN_ONLY': True, 'SPIDER_MODULES': ['topgoods.spiders'], 'LOG_FILE': 'scrapy.log', 'BOT_NAME': 'topgoods'}
