2017-05-10 14:37:43 [scrapy.utils.log] INFO: Scrapy 1.3.3 started (bot: douban_movies)
2017-05-10 14:37:43 [scrapy.utils.log] INFO: Overridden settings: {'NEWSPIDER_MODULE': 'douban_movies.spiders', 'BOT_NAME': 'douban_movies', 'SPIDER_MODULES': ['douban_movies.spiders'], 'LOG_ENABLED': False, 'LOG_FILE': 'scrapy.log', 'DOWNLOAD_DELAY': 2}
2017-05-10 14:37:55 [scrapy.utils.log] INFO: Scrapy 1.3.3 started (bot: douban_movies)
2017-05-10 14:37:55 [scrapy.utils.log] INFO: Overridden settings: {'NEWSPIDER_MODULE': 'douban_movies.spiders', 'SPIDER_MODULES': ['douban_movies.spiders'], 'LOG_FILE': 'scrapy.log', 'DOWNLOAD_DELAY': 2, 'BOT_NAME': 'douban_movies'}
2017-05-10 14:37:55 [scrapy.middleware] INFO: Enabled extensions:
['scrapy.extensions.logstats.LogStats',
 'scrapy.extensions.telnet.TelnetConsole',
 'scrapy.extensions.corestats.CoreStats']
2017-05-10 14:37:55 [scrapy.middleware] INFO: Enabled downloader middlewares:
['scrapy.downloadermiddlewares.httpauth.HttpAuthMiddleware',
 'scrapy.downloadermiddlewares.downloadtimeout.DownloadTimeoutMiddleware',
 'scrapy.downloadermiddlewares.defaultheaders.DefaultHeadersMiddleware',
 'douban_movies.RotateUserAgentMiddleware.RotateUserAgentMiddleware',
 'scrapy.downloadermiddlewares.retry.RetryMiddleware',
 'scrapy.downloadermiddlewares.redirect.MetaRefreshMiddleware',
 'scrapy.downloadermiddlewares.httpcompression.HttpCompressionMiddleware',
 'scrapy.downloadermiddlewares.redirect.RedirectMiddleware',
 'scrapy.downloadermiddlewares.cookies.CookiesMiddleware',
 'scrapy.downloadermiddlewares.stats.DownloaderStats']
2017-05-10 14:37:55 [scrapy.middleware] INFO: Enabled spider middlewares:
['scrapy.spidermiddlewares.httperror.HttpErrorMiddleware',
 'scrapy.spidermiddlewares.offsite.OffsiteMiddleware',
 'scrapy.spidermiddlewares.referer.RefererMiddleware',
 'scrapy.spidermiddlewares.urllength.UrlLengthMiddleware',
 'scrapy.spidermiddlewares.depth.DepthMiddleware']
2017-05-10 14:37:55 [scrapy.middleware] INFO: Enabled item pipelines:
['douban_movies.pipelines.DoubanMoviesPipeline']
2017-05-10 14:37:55 [scrapy.core.engine] INFO: Spider opened
2017-05-10 14:37:55 [scrapy.extensions.logstats] INFO: Crawled 0 pages (at 0 pages/min), scraped 0 items (at 0 items/min)
2017-05-10 14:37:55 [scrapy.extensions.telnet] DEBUG: Telnet console listening on 127.0.0.1:6023
2017-05-10 14:37:56 [scrapy.core.engine] DEBUG: Crawled (200) <GET https://movie.douban.com/j/search_subjects?type=movie&tag=%E7%83%AD%E9%97%A8&sort=recommend&page_limit=20&page_start=0> (referer: None)
2017-05-10 14:37:58 [scrapy.core.engine] DEBUG: Crawled (200) <GET https://movie.douban.com/j/search_subjects?type=movie&tag=%E7%83%AD%E9%97%A8&sort=recommend&page_limit=20&page_start=20> (referer: None)
2017-05-10 14:38:01 [scrapy.core.engine] DEBUG: Crawled (200) <GET https://movie.douban.com/j/search_subjects?type=movie&tag=%E7%83%AD%E9%97%A8&sort=recommend&page_limit=20&page_start=40> (referer: None)
2017-05-10 14:38:04 [scrapy.core.engine] DEBUG: Crawled (200) <GET https://movie.douban.com/subject/26390938/> (referer: https://movie.douban.com/j/search_subjects?type=movie&tag=%E7%83%AD%E9%97%A8&sort=recommend&page_limit=20&page_start=0)
2017-05-10 14:38:06 [scrapy.core.scraper] DEBUG: Scraped from <200 https://movie.douban.com/subject/26390938/>
None
2017-05-10 14:38:07 [scrapy.core.engine] DEBUG: Crawled (200) <GET https://movie.douban.com/subject/26589957/> (referer: https://movie.douban.com/j/search_subjects?type=movie&tag=%E7%83%AD%E9%97%A8&sort=recommend&page_limit=20&page_start=0)
2017-05-10 14:38:07 [scrapy.core.scraper] DEBUG: Scraped from <200 https://movie.douban.com/subject/26589957/>
None
2017-05-10 14:38:09 [scrapy.core.engine] DEBUG: Crawled (200) <GET https://movie.douban.com/subject/26421442/> (referer: https://movie.douban.com/j/search_subjects?type=movie&tag=%E7%83%AD%E9%97%A8&sort=recommend&page_limit=20&page_start=0)
2017-05-10 14:38:10 [scrapy.core.scraper] DEBUG: Scraped from <200 https://movie.douban.com/subject/26421442/>
None
2017-05-10 14:38:12 [scrapy.core.engine] DEBUG: Crawled (200) <GET https://movie.douban.com/subject/26611076/> (referer: https://movie.douban.com/j/search_subjects?type=movie&tag=%E7%83%AD%E9%97%A8&sort=recommend&page_limit=20&page_start=0)
2017-05-10 14:38:12 [scrapy.core.scraper] DEBUG: Scraped from <200 https://movie.douban.com/subject/26611076/>
None
2017-05-10 14:38:14 [scrapy.core.engine] DEBUG: Crawled (200) <GET https://movie.douban.com/subject/11526817/> (referer: https://movie.douban.com/j/search_subjects?type=movie&tag=%E7%83%AD%E9%97%A8&sort=recommend&page_limit=20&page_start=0)
2017-05-10 14:38:15 [scrapy.core.scraper] DEBUG: Scraped from <200 https://movie.douban.com/subject/11526817/>
None
2017-05-10 14:38:17 [scrapy.core.engine] DEBUG: Crawled (200) <GET https://movie.douban.com/subject/25934014/> (referer: https://movie.douban.com/j/search_subjects?type=movie&tag=%E7%83%AD%E9%97%A8&sort=recommend&page_limit=20&page_start=0)
2017-05-10 14:38:18 [scrapy.core.scraper] DEBUG: Scraped from <200 https://movie.douban.com/subject/25934014/>
None
2017-05-10 14:38:19 [scrapy.core.engine] DEBUG: Crawled (200) <GET https://movie.douban.com/subject/20471852/> (referer: https://movie.douban.com/j/search_subjects?type=movie&tag=%E7%83%AD%E9%97%A8&sort=recommend&page_limit=20&page_start=0)
2017-05-10 14:38:19 [scrapy.core.scraper] DEBUG: Scraped from <200 https://movie.douban.com/subject/20471852/>
None
2017-05-10 14:38:21 [scrapy.core.engine] DEBUG: Crawled (200) <GET https://movie.douban.com/subject/25765735/> (referer: https://movie.douban.com/j/search_subjects?type=movie&tag=%E7%83%AD%E9%97%A8&sort=recommend&page_limit=20&page_start=0)
2017-05-10 14:38:22 [scrapy.core.scraper] DEBUG: Scraped from <200 https://movie.douban.com/subject/25765735/>
None
2017-05-10 14:38:24 [scrapy.core.engine] DEBUG: Crawled (200) <GET https://movie.douban.com/subject/26844922/> (referer: https://movie.douban.com/j/search_subjects?type=movie&tag=%E7%83%AD%E9%97%A8&sort=recommend&page_limit=20&page_start=0)
2017-05-10 14:38:25 [scrapy.core.scraper] DEBUG: Scraped from <200 https://movie.douban.com/subject/26844922/>
None
2017-05-10 14:38:26 [scrapy.core.engine] DEBUG: Crawled (200) <GET https://movie.douban.com/subject/26279289/> (referer: https://movie.douban.com/j/search_subjects?type=movie&tag=%E7%83%AD%E9%97%A8&sort=recommend&page_limit=20&page_start=0)
2017-05-10 14:38:27 [scrapy.core.scraper] DEBUG: Scraped from <200 https://movie.douban.com/subject/26279289/>
None
2017-05-10 14:38:28 [scrapy.core.engine] DEBUG: Crawled (200) <GET https://movie.douban.com/subject/26580232/> (referer: https://movie.douban.com/j/search_subjects?type=movie&tag=%E7%83%AD%E9%97%A8&sort=recommend&page_limit=20&page_start=0)
2017-05-10 14:38:29 [scrapy.core.scraper] DEBUG: Scraped from <200 https://movie.douban.com/subject/26580232/>
None
2017-05-10 14:38:30 [scrapy.core.engine] DEBUG: Crawled (200) <GET https://movie.douban.com/subject/26718282/> (referer: https://movie.douban.com/j/search_subjects?type=movie&tag=%E7%83%AD%E9%97%A8&sort=recommend&page_limit=20&page_start=0)
2017-05-10 14:38:30 [scrapy.core.scraper] DEBUG: Scraped from <200 https://movie.douban.com/subject/26718282/>
None
2017-05-10 14:38:32 [scrapy.core.engine] DEBUG: Crawled (200) <GET https://movie.douban.com/subject/25818101/> (referer: https://movie.douban.com/j/search_subjects?type=movie&tag=%E7%83%AD%E9%97%A8&sort=recommend&page_limit=20&page_start=0)
2017-05-10 14:38:33 [scrapy.core.scraper] DEBUG: Scraped from <200 https://movie.douban.com/subject/25818101/>
None
2017-05-10 14:38:35 [scrapy.core.engine] DEBUG: Crawled (200) <GET https://movie.douban.com/subject/6873143/> (referer: https://movie.douban.com/j/search_subjects?type=movie&tag=%E7%83%AD%E9%97%A8&sort=recommend&page_limit=20&page_start=0)
2017-05-10 14:38:35 [scrapy.core.scraper] DEBUG: Scraped from <200 https://movie.douban.com/subject/6873143/>
None
2017-05-10 14:38:38 [scrapy.core.engine] DEBUG: Crawled (200) <GET https://movie.douban.com/subject/26964434/> (referer: https://movie.douban.com/j/search_subjects?type=movie&tag=%E7%83%AD%E9%97%A8&sort=recommend&page_limit=20&page_start=0)
2017-05-10 14:38:38 [scrapy.core.scraper] DEBUG: Scraped from <200 https://movie.douban.com/subject/26964434/>
None
2017-05-10 14:38:40 [scrapy.core.engine] DEBUG: Crawled (200) <GET https://movie.douban.com/subject/26325320/> (referer: https://movie.douban.com/j/search_subjects?type=movie&tag=%E7%83%AD%E9%97%A8&sort=recommend&page_limit=20&page_start=20)
2017-05-10 14:38:41 [scrapy.core.scraper] DEBUG: Scraped from <200 https://movie.douban.com/subject/26325320/>
None
2017-05-10 14:38:43 [scrapy.core.engine] DEBUG: Crawled (200) <GET https://movie.douban.com/subject/25793398/> (referer: https://movie.douban.com/j/search_subjects?type=movie&tag=%E7%83%AD%E9%97%A8&sort=recommend&page_limit=20&page_start=40)
2017-05-10 14:38:44 [scrapy.core.scraper] DEBUG: Scraped from <200 https://movie.douban.com/subject/25793398/>
None
2017-05-10 14:38:46 [scrapy.core.engine] DEBUG: Crawled (200) <GET https://movie.douban.com/subject/26616719/> (referer: https://movie.douban.com/j/search_subjects?type=movie&tag=%E7%83%AD%E9%97%A8&sort=recommend&page_limit=20&page_start=40)
2017-05-10 14:38:49 [scrapy.core.scraper] DEBUG: Scraped from <200 https://movie.douban.com/subject/26616719/>
None
2017-05-10 14:38:50 [scrapy.core.engine] DEBUG: Crawled (200) <GET https://movie.douban.com/subject/26339213/> (referer: https://movie.douban.com/j/search_subjects?type=movie&tag=%E7%83%AD%E9%97%A8&sort=recommend&page_limit=20&page_start=40)
2017-05-10 14:38:51 [scrapy.core.scraper] DEBUG: Scraped from <200 https://movie.douban.com/subject/26339213/>
None
2017-05-10 14:38:52 [scrapy.core.engine] DEBUG: Crawled (200) <GET https://movie.douban.com/subject/26389928/> (referer: https://movie.douban.com/j/search_subjects?type=movie&tag=%E7%83%AD%E9%97%A8&sort=recommend&page_limit=20&page_start=40)
2017-05-10 14:38:53 [scrapy.core.scraper] DEBUG: Scraped from <200 https://movie.douban.com/subject/26389928/>
None
2017-05-10 14:38:55 [scrapy.extensions.logstats] INFO: Crawled 23 pages (at 23 pages/min), scraped 20 items (at 20 items/min)
2017-05-10 14:38:56 [scrapy.core.engine] DEBUG: Crawled (200) <GET https://movie.douban.com/subject/25983044/> (referer: https://movie.douban.com/j/search_subjects?type=movie&tag=%E7%83%AD%E9%97%A8&sort=recommend&page_limit=20&page_start=40)
2017-05-10 14:38:56 [scrapy.core.scraper] DEBUG: Scraped from <200 https://movie.douban.com/subject/25983044/>
None
2017-05-10 14:38:58 [scrapy.core.engine] DEBUG: Crawled (200) <GET https://movie.douban.com/subject/26022182/> (referer: https://movie.douban.com/j/search_subjects?type=movie&tag=%E7%83%AD%E9%97%A8&sort=recommend&page_limit=20&page_start=40)
2017-05-10 14:38:58 [scrapy.core.scraper] DEBUG: Scraped from <200 https://movie.douban.com/subject/26022182/>
None
2017-05-10 14:39:01 [scrapy.core.engine] DEBUG: Crawled (200) <GET https://movie.douban.com/subject/25911694/> (referer: https://movie.douban.com/j/search_subjects?type=movie&tag=%E7%83%AD%E9%97%A8&sort=recommend&page_limit=20&page_start=40)
2017-05-10 14:39:02 [scrapy.core.scraper] DEBUG: Scraped from <200 https://movie.douban.com/subject/25911694/>
None
2017-05-10 14:39:03 [scrapy.core.engine] DEBUG: Crawled (200) <GET https://movie.douban.com/subject/26220650/> (referer: https://movie.douban.com/j/search_subjects?type=movie&tag=%E7%83%AD%E9%97%A8&sort=recommend&page_limit=20&page_start=40)
2017-05-10 14:39:04 [scrapy.core.scraper] DEBUG: Scraped from <200 https://movie.douban.com/subject/26220650/>
None
2017-05-10 14:39:06 [scrapy.core.engine] DEBUG: Crawled (200) <GET https://movie.douban.com/subject/26696879/> (referer: https://movie.douban.com/j/search_subjects?type=movie&tag=%E7%83%AD%E9%97%A8&sort=recommend&page_limit=20&page_start=40)
2017-05-10 14:39:06 [scrapy.core.scraper] DEBUG: Scraped from <200 https://movie.douban.com/subject/26696879/>
None
2017-05-10 14:39:09 [scrapy.core.engine] DEBUG: Crawled (200) <GET https://movie.douban.com/subject/26662168/> (referer: https://movie.douban.com/j/search_subjects?type=movie&tag=%E7%83%AD%E9%97%A8&sort=recommend&page_limit=20&page_start=40)
2017-05-10 14:39:09 [scrapy.core.scraper] DEBUG: Scraped from <200 https://movie.douban.com/subject/26662168/>
None
2017-05-10 14:39:11 [scrapy.core.engine] DEBUG: Crawled (200) <GET https://movie.douban.com/subject/25815034/> (referer: https://movie.douban.com/j/search_subjects?type=movie&tag=%E7%83%AD%E9%97%A8&sort=recommend&page_limit=20&page_start=40)
2017-05-10 14:39:12 [scrapy.core.scraper] DEBUG: Scraped from <200 https://movie.douban.com/subject/25815034/>
None
2017-05-10 14:39:14 [scrapy.core.engine] DEBUG: Crawled (200) <GET https://movie.douban.com/subject/26318239/> (referer: https://movie.douban.com/j/search_subjects?type=movie&tag=%E7%83%AD%E9%97%A8&sort=recommend&page_limit=20&page_start=40)
2017-05-10 14:39:14 [scrapy.core.scraper] DEBUG: Scraped from <200 https://movie.douban.com/subject/26318239/>
None
2017-05-10 14:39:16 [scrapy.core.engine] DEBUG: Crawled (200) <GET https://movie.douban.com/subject/26946197/> (referer: https://movie.douban.com/j/search_subjects?type=movie&tag=%E7%83%AD%E9%97%A8&sort=recommend&page_limit=20&page_start=40)
2017-05-10 14:39:16 [scrapy.core.scraper] DEBUG: Scraped from <200 https://movie.douban.com/subject/26946197/>
None
2017-05-10 14:39:18 [scrapy.core.engine] DEBUG: Crawled (200) <GET https://movie.douban.com/subject/24751763/> (referer: https://movie.douban.com/j/search_subjects?type=movie&tag=%E7%83%AD%E9%97%A8&sort=recommend&page_limit=20&page_start=40)
2017-05-10 14:39:19 [scrapy.core.scraper] DEBUG: Scraped from <200 https://movie.douban.com/subject/24751763/>
None
2017-05-10 14:39:20 [scrapy.core.engine] DEBUG: Crawled (200) <GET https://movie.douban.com/subject/26642163/> (referer: https://movie.douban.com/j/search_subjects?type=movie&tag=%E7%83%AD%E9%97%A8&sort=recommend&page_limit=20&page_start=40)
2017-05-10 14:39:20 [scrapy.core.scraper] DEBUG: Scraped from <200 https://movie.douban.com/subject/26642163/>
None
2017-05-10 14:39:23 [scrapy.core.engine] DEBUG: Crawled (200) <GET https://movie.douban.com/subject/26586432/> (referer: https://movie.douban.com/j/search_subjects?type=movie&tag=%E7%83%AD%E9%97%A8&sort=recommend&page_limit=20&page_start=40)
2017-05-10 14:39:24 [scrapy.core.scraper] DEBUG: Scraped from <200 https://movie.douban.com/subject/26586432/>
None
2017-05-10 14:39:26 [scrapy.core.engine] DEBUG: Crawled (200) <GET https://movie.douban.com/subject/26351526/> (referer: https://movie.douban.com/j/search_subjects?type=movie&tag=%E7%83%AD%E9%97%A8&sort=recommend&page_limit=20&page_start=40)
2017-05-10 14:39:26 [scrapy.core.scraper] DEBUG: Scraped from <200 https://movie.douban.com/subject/26351526/>
None
2017-05-10 14:39:28 [scrapy.core.engine] DEBUG: Crawled (200) <GET https://movie.douban.com/subject/26357945/> (referer: https://movie.douban.com/j/search_subjects?type=movie&tag=%E7%83%AD%E9%97%A8&sort=recommend&page_limit=20&page_start=40)
2017-05-10 14:39:28 [scrapy.core.scraper] DEBUG: Scraped from <200 https://movie.douban.com/subject/26357945/>
None
2017-05-10 14:39:30 [scrapy.core.engine] DEBUG: Crawled (200) <GET https://movie.douban.com/subject/26280709/> (referer: https://movie.douban.com/j/search_subjects?type=movie&tag=%E7%83%AD%E9%97%A8&sort=recommend&page_limit=20&page_start=40)
2017-05-10 14:39:30 [scrapy.core.scraper] DEBUG: Scraped from <200 https://movie.douban.com/subject/26280709/>
None
2017-05-10 14:39:32 [scrapy.core.engine] DEBUG: Crawled (200) <GET https://movie.douban.com/subject/25726614/> (referer: https://movie.douban.com/j/search_subjects?type=movie&tag=%E7%83%AD%E9%97%A8&sort=recommend&page_limit=20&page_start=40)
2017-05-10 14:39:32 [scrapy.core.scraper] DEBUG: Scraped from <200 https://movie.douban.com/subject/25726614/>
None
2017-05-10 14:39:35 [scrapy.core.engine] DEBUG: Crawled (200) <GET https://movie.douban.com/subject/26182910/> (referer: https://movie.douban.com/j/search_subjects?type=movie&tag=%E7%83%AD%E9%97%A8&sort=recommend&page_limit=20&page_start=20)
2017-05-10 14:39:35 [scrapy.core.scraper] DEBUG: Scraped from <200 https://movie.douban.com/subject/26182910/>
None
2017-05-10 14:39:37 [scrapy.core.engine] DEBUG: Crawled (200) <GET https://movie.douban.com/subject/26679552/> (referer: https://movie.douban.com/j/search_subjects?type=movie&tag=%E7%83%AD%E9%97%A8&sort=recommend&page_limit=20&page_start=20)
2017-05-10 14:39:38 [scrapy.core.scraper] DEBUG: Scraped from <200 https://movie.douban.com/subject/26679552/>
None
2017-05-10 14:39:41 [scrapy.core.engine] DEBUG: Crawled (200) <GET https://movie.douban.com/subject/25980443/> (referer: https://movie.douban.com/j/search_subjects?type=movie&tag=%E7%83%AD%E9%97%A8&sort=recommend&page_limit=20&page_start=20)
2017-05-10 14:39:41 [scrapy.core.scraper] DEBUG: Scraped from <200 https://movie.douban.com/subject/25980443/>
None
2017-05-10 14:39:43 [scrapy.core.engine] DEBUG: Crawled (200) <GET https://movie.douban.com/subject/3434070/> (referer: https://movie.douban.com/j/search_subjects?type=movie&tag=%E7%83%AD%E9%97%A8&sort=recommend&page_limit=20&page_start=20)
2017-05-10 14:39:43 [scrapy.core.scraper] DEBUG: Scraped from <200 https://movie.douban.com/subject/3434070/>
None
2017-05-10 14:39:45 [scrapy.core.engine] DEBUG: Crawled (200) <GET https://movie.douban.com/subject/25884712/> (referer: https://movie.douban.com/j/search_subjects?type=movie&tag=%E7%83%AD%E9%97%A8&sort=recommend&page_limit=20&page_start=20)
2017-05-10 14:39:46 [scrapy.core.scraper] DEBUG: Scraped from <200 https://movie.douban.com/subject/25884712/>
None
2017-05-10 14:39:48 [scrapy.core.engine] DEBUG: Crawled (200) <GET https://movie.douban.com/subject/26862259/> (referer: https://movie.douban.com/j/search_subjects?type=movie&tag=%E7%83%AD%E9%97%A8&sort=recommend&page_limit=20&page_start=20)
2017-05-10 14:39:49 [scrapy.core.scraper] DEBUG: Scraped from <200 https://movie.douban.com/subject/26862259/>
None
2017-05-10 14:39:51 [scrapy.core.engine] DEBUG: Crawled (200) <GET https://movie.douban.com/subject/1884684/> (referer: https://movie.douban.com/j/search_subjects?type=movie&tag=%E7%83%AD%E9%97%A8&sort=recommend&page_limit=20&page_start=20)
2017-05-10 14:39:51 [scrapy.core.scraper] DEBUG: Scraped from <200 https://movie.douban.com/subject/1884684/>
None
2017-05-10 14:39:53 [scrapy.core.engine] DEBUG: Crawled (200) <GET https://movie.douban.com/subject/26694988/> (referer: https://movie.douban.com/j/search_subjects?type=movie&tag=%E7%83%AD%E9%97%A8&sort=recommend&page_limit=20&page_start=20)
2017-05-10 14:39:53 [scrapy.core.scraper] DEBUG: Scraped from <200 https://movie.douban.com/subject/26694988/>
None
2017-05-10 14:39:55 [scrapy.core.engine] DEBUG: Crawled (200) <GET https://movie.douban.com/subject/21324900/> (referer: https://movie.douban.com/j/search_subjects?type=movie&tag=%E7%83%AD%E9%97%A8&sort=recommend&page_limit=20&page_start=20)
2017-05-10 14:39:55 [scrapy.core.scraper] DEBUG: Scraped from <200 https://movie.douban.com/subject/21324900/>
None
2017-05-10 14:39:55 [scrapy.extensions.logstats] INFO: Crawled 48 pages (at 25 pages/min), scraped 45 items (at 25 items/min)
2017-05-10 14:39:57 [scrapy.core.engine] DEBUG: Crawled (200) <GET https://movie.douban.com/subject/26615208/> (referer: https://movie.douban.com/j/search_subjects?type=movie&tag=%E7%83%AD%E9%97%A8&sort=recommend&page_limit=20&page_start=20)
2017-05-10 14:39:57 [scrapy.core.scraper] DEBUG: Scraped from <200 https://movie.douban.com/subject/26615208/>
None
2017-05-10 14:39:59 [scrapy.core.engine] DEBUG: Crawled (200) <GET https://movie.douban.com/subject/26354572/> (referer: https://movie.douban.com/j/search_subjects?type=movie&tag=%E7%83%AD%E9%97%A8&sort=recommend&page_limit=20&page_start=20)
2017-05-10 14:40:00 [scrapy.core.scraper] DEBUG: Scraped from <200 https://movie.douban.com/subject/26354572/>
None
2017-05-10 14:40:02 [scrapy.core.engine] DEBUG: Crawled (200) <GET https://movie.douban.com/subject/26323031/> (referer: https://movie.douban.com/j/search_subjects?type=movie&tag=%E7%83%AD%E9%97%A8&sort=recommend&page_limit=20&page_start=20)
2017-05-10 14:40:02 [scrapy.core.scraper] DEBUG: Scraped from <200 https://movie.douban.com/subject/26323031/>
None
2017-05-10 14:40:04 [scrapy.core.engine] DEBUG: Crawled (200) <GET https://movie.douban.com/subject/25801066/> (referer: https://movie.douban.com/j/search_subjects?type=movie&tag=%E7%83%AD%E9%97%A8&sort=recommend&page_limit=20&page_start=20)
2017-05-10 14:40:05 [scrapy.core.scraper] DEBUG: Scraped from <200 https://movie.douban.com/subject/25801066/>
None
2017-05-10 14:40:07 [scrapy.core.engine] DEBUG: Crawled (200) <GET https://movie.douban.com/subject/26724235/> (referer: https://movie.douban.com/j/search_subjects?type=movie&tag=%E7%83%AD%E9%97%A8&sort=recommend&page_limit=20&page_start=20)
2017-05-10 14:40:07 [scrapy.core.scraper] DEBUG: Scraped from <200 https://movie.douban.com/subject/26724235/>
None
2017-05-10 14:40:10 [scrapy.core.engine] DEBUG: Crawled (200) <GET https://movie.douban.com/subject/26703158/> (referer: https://movie.douban.com/j/search_subjects?type=movie&tag=%E7%83%AD%E9%97%A8&sort=recommend&page_limit=20&page_start=20)
2017-05-10 14:40:10 [scrapy.core.scraper] DEBUG: Scraped from <200 https://movie.douban.com/subject/26703158/>
None
2017-05-10 14:40:13 [scrapy.core.engine] DEBUG: Crawled (200) <GET https://movie.douban.com/subject/3230115/> (referer: https://movie.douban.com/j/search_subjects?type=movie&tag=%E7%83%AD%E9%97%A8&sort=recommend&page_limit=20&page_start=20)
2017-05-10 14:40:13 [scrapy.core.scraper] DEBUG: Scraped from <200 https://movie.douban.com/subject/3230115/>
None
2017-05-10 14:40:15 [scrapy.core.engine] DEBUG: Crawled (200) <GET https://movie.douban.com/subject/7065334/> (referer: https://movie.douban.com/j/search_subjects?type=movie&tag=%E7%83%AD%E9%97%A8&sort=recommend&page_limit=20&page_start=20)
2017-05-10 14:40:15 [scrapy.core.scraper] DEBUG: Scraped from <200 https://movie.douban.com/subject/7065334/>
None
2017-05-10 14:40:18 [scrapy.core.engine] DEBUG: Crawled (200) <GET https://movie.douban.com/subject/26600660/> (referer: https://movie.douban.com/j/search_subjects?type=movie&tag=%E7%83%AD%E9%97%A8&sort=recommend&page_limit=20&page_start=20)
2017-05-10 14:40:18 [scrapy.core.scraper] DEBUG: Scraped from <200 https://movie.douban.com/subject/26600660/>
None
2017-05-10 14:40:21 [scrapy.core.engine] DEBUG: Crawled (200) <GET https://movie.douban.com/subject/26677495/> (referer: https://movie.douban.com/j/search_subjects?type=movie&tag=%E7%83%AD%E9%97%A8&sort=recommend&page_limit=20&page_start=20)
2017-05-10 14:40:21 [scrapy.core.scraper] DEBUG: Scraped from <200 https://movie.douban.com/subject/26677495/>
None
2017-05-10 14:40:22 [scrapy.core.engine] DEBUG: Crawled (200) <GET https://movie.douban.com/subject/26388164/> (referer: https://movie.douban.com/j/search_subjects?type=movie&tag=%E7%83%AD%E9%97%A8&sort=recommend&page_limit=20&page_start=0)
2017-05-10 14:40:23 [scrapy.core.scraper] DEBUG: Scraped from <200 https://movie.douban.com/subject/26388164/>
None
2017-05-10 14:40:25 [scrapy.core.engine] DEBUG: Crawled (200) <GET https://movie.douban.com/subject/26598291/> (referer: https://movie.douban.com/j/search_subjects?type=movie&tag=%E7%83%AD%E9%97%A8&sort=recommend&page_limit=20&page_start=0)
2017-05-10 14:40:26 [scrapy.core.scraper] DEBUG: Scraped from <200 https://movie.douban.com/subject/26598291/>
None
2017-05-10 14:40:28 [scrapy.core.engine] DEBUG: Crawled (200) <GET https://movie.douban.com/subject/26710111/> (referer: https://movie.douban.com/j/search_subjects?type=movie&tag=%E7%83%AD%E9%97%A8&sort=recommend&page_limit=20&page_start=0)
2017-05-10 14:40:28 [scrapy.core.scraper] DEBUG: Scraped from <200 https://movie.douban.com/subject/26710111/>
None
2017-05-10 14:40:30 [scrapy.core.engine] DEBUG: Crawled (200) <GET https://movie.douban.com/subject/26593587/> (referer: https://movie.douban.com/j/search_subjects?type=movie&tag=%E7%83%AD%E9%97%A8&sort=recommend&page_limit=20&page_start=0)
2017-05-10 14:40:30 [scrapy.core.scraper] DEBUG: Scraped from <200 https://movie.douban.com/subject/26593587/>
None
2017-05-10 14:40:32 [scrapy.core.engine] DEBUG: Crawled (200) <GET https://movie.douban.com/subject/26688480/> (referer: https://movie.douban.com/j/search_subjects?type=movie&tag=%E7%83%AD%E9%97%A8&sort=recommend&page_limit=20&page_start=0)
2017-05-10 14:40:32 [scrapy.core.scraper] DEBUG: Scraped from <200 https://movie.douban.com/subject/26688480/>
None
2017-05-10 14:40:32 [scrapy.core.engine] INFO: Closing spider (finished)
2017-05-10 14:40:32 [scrapy.statscollectors] INFO: Dumping Scrapy stats:
{'downloader/request_bytes': 29121,
 'downloader/request_count': 63,
 'downloader/request_method_count/GET': 63,
 'downloader/response_bytes': 1205158,
 'downloader/response_count': 63,
 'downloader/response_status_count/200': 63,
 'finish_reason': 'finished',
 'finish_time': datetime.datetime(2017, 5, 10, 6, 40, 32, 875000),
 'item_scraped_count': 60,
 'log_count/DEBUG': 124,
 'log_count/INFO': 9,
 'request_depth_max': 1,
 'response_received_count': 63,
 'scheduler/dequeued': 63,
 'scheduler/dequeued/memory': 63,
 'scheduler/enqueued': 63,
 'scheduler/enqueued/memory': 63,
 'start_time': datetime.datetime(2017, 5, 10, 6, 37, 55, 898000)}
2017-05-10 14:40:32 [scrapy.core.engine] INFO: Spider closed (finished)
2017-05-10 16:29:39 [scrapy.utils.log] INFO: Scrapy 1.3.3 started (bot: douban_movies)
2017-05-10 16:29:39 [scrapy.utils.log] INFO: Overridden settings: {'NEWSPIDER_MODULE': 'douban_movies.spiders', 'BOT_NAME': 'douban_movies', 'SPIDER_MODULES': ['douban_movies.spiders'], 'LOG_ENABLED': False, 'LOG_FILE': 'scrapy.log', 'DOWNLOAD_DELAY': 2}
2017-05-10 16:29:51 [scrapy.utils.log] INFO: Scrapy 1.3.3 started (bot: douban_movies)
2017-05-10 16:29:51 [scrapy.utils.log] INFO: Overridden settings: {'NEWSPIDER_MODULE': 'douban_movies.spiders', 'SPIDER_MODULES': ['douban_movies.spiders'], 'LOG_FILE': 'scrapy.log', 'DOWNLOAD_DELAY': 2, 'BOT_NAME': 'douban_movies'}
2017-05-10 16:29:51 [scrapy.middleware] INFO: Enabled extensions:
['scrapy.extensions.logstats.LogStats',
 'scrapy.extensions.telnet.TelnetConsole',
 'scrapy.extensions.corestats.CoreStats']
2017-05-10 16:29:51 [scrapy.middleware] INFO: Enabled downloader middlewares:
['scrapy.downloadermiddlewares.httpauth.HttpAuthMiddleware',
 'scrapy.downloadermiddlewares.downloadtimeout.DownloadTimeoutMiddleware',
 'scrapy.downloadermiddlewares.defaultheaders.DefaultHeadersMiddleware',
 'douban_movies.RotateUserAgentMiddleware.RotateUserAgentMiddleware',
 'scrapy.downloadermiddlewares.retry.RetryMiddleware',
 'scrapy.downloadermiddlewares.redirect.MetaRefreshMiddleware',
 'scrapy.downloadermiddlewares.httpcompression.HttpCompressionMiddleware',
 'scrapy.downloadermiddlewares.redirect.RedirectMiddleware',
 'scrapy.downloadermiddlewares.cookies.CookiesMiddleware',
 'scrapy.downloadermiddlewares.stats.DownloaderStats']
2017-05-10 16:29:51 [scrapy.middleware] INFO: Enabled spider middlewares:
['scrapy.spidermiddlewares.httperror.HttpErrorMiddleware',
 'scrapy.spidermiddlewares.offsite.OffsiteMiddleware',
 'scrapy.spidermiddlewares.referer.RefererMiddleware',
 'scrapy.spidermiddlewares.urllength.UrlLengthMiddleware',
 'scrapy.spidermiddlewares.depth.DepthMiddleware']
2017-05-10 16:29:51 [scrapy.middleware] INFO: Enabled item pipelines:
['douban_movies.pipelines.DoubanMoviesPipeline']
2017-05-10 16:29:51 [scrapy.core.engine] INFO: Spider opened
2017-05-10 16:29:51 [scrapy.extensions.logstats] INFO: Crawled 0 pages (at 0 pages/min), scraped 0 items (at 0 items/min)
2017-05-10 16:29:51 [scrapy.extensions.telnet] DEBUG: Telnet console listening on 127.0.0.1:6023
2017-05-10 16:29:52 [scrapy.core.engine] DEBUG: Crawled (200) <GET https://movie.douban.com/j/search_subjects?type=movie&tag=%E7%83%AD%E9%97%A8&sort=recommend&page_limit=20&page_start=0> (referer: None)
2017-05-10 16:29:54 [scrapy.core.engine] DEBUG: Crawled (200) <GET https://movie.douban.com/j/search_subjects?type=movie&tag=%E7%83%AD%E9%97%A8&sort=recommend&page_limit=20&page_start=20> (referer: None)
2017-05-10 16:29:56 [scrapy.core.engine] DEBUG: Crawled (200) <GET https://movie.douban.com/j/search_subjects?type=movie&tag=%E7%83%AD%E9%97%A8&sort=recommend&page_limit=20&page_start=40> (referer: None)
2017-05-10 16:29:59 [scrapy.core.engine] DEBUG: Crawled (200) <GET https://movie.douban.com/subject/11526817/> (referer: https://movie.douban.com/j/search_subjects?type=movie&tag=%E7%83%AD%E9%97%A8&sort=recommend&page_limit=20&page_start=0)
2017-05-10 16:30:01 [scrapy.core.scraper] DEBUG: Scraped from <200 https://movie.douban.com/subject/11526817/>
None
2017-05-10 16:30:32 [scrapy.utils.log] INFO: Scrapy 1.3.3 started (bot: douban_movies)
2017-05-10 16:30:32 [scrapy.utils.log] INFO: Overridden settings: {'NEWSPIDER_MODULE': 'douban_movies.spiders', 'SPIDER_MODULES': ['douban_movies.spiders'], 'LOG_FILE': 'scrapy.log', 'DOWNLOAD_DELAY': 2, 'BOT_NAME': 'douban_movies'}
2017-05-10 16:30:54 [scrapy.utils.log] INFO: Scrapy 1.3.3 started (bot: douban_movies)
2017-05-10 16:30:54 [scrapy.utils.log] INFO: Overridden settings: {'NEWSPIDER_MODULE': 'douban_movies.spiders', 'SPIDER_MODULES': ['douban_movies.spiders'], 'LOG_FILE': 'scrapy.log', 'DOWNLOAD_DELAY': 2, 'BOT_NAME': 'douban_movies'}
2017-05-10 16:30:55 [scrapy.middleware] INFO: Enabled extensions:
['scrapy.extensions.logstats.LogStats',
 'scrapy.extensions.telnet.TelnetConsole',
 'scrapy.extensions.corestats.CoreStats']
2017-05-10 16:30:55 [scrapy.middleware] INFO: Enabled downloader middlewares:
['scrapy.downloadermiddlewares.httpauth.HttpAuthMiddleware',
 'scrapy.downloadermiddlewares.downloadtimeout.DownloadTimeoutMiddleware',
 'scrapy.downloadermiddlewares.defaultheaders.DefaultHeadersMiddleware',
 'douban_movies.RotateUserAgentMiddleware.RotateUserAgentMiddleware',
 'scrapy.downloadermiddlewares.retry.RetryMiddleware',
 'scrapy.downloadermiddlewares.redirect.MetaRefreshMiddleware',
 'scrapy.downloadermiddlewares.httpcompression.HttpCompressionMiddleware',
 'scrapy.downloadermiddlewares.redirect.RedirectMiddleware',
 'scrapy.downloadermiddlewares.cookies.CookiesMiddleware',
 'scrapy.downloadermiddlewares.stats.DownloaderStats']
2017-05-10 16:30:55 [scrapy.middleware] INFO: Enabled spider middlewares:
['scrapy.spidermiddlewares.httperror.HttpErrorMiddleware',
 'scrapy.spidermiddlewares.offsite.OffsiteMiddleware',
 'scrapy.spidermiddlewares.referer.RefererMiddleware',
 'scrapy.spidermiddlewares.urllength.UrlLengthMiddleware',
 'scrapy.spidermiddlewares.depth.DepthMiddleware']
2017-05-10 16:30:55 [scrapy.middleware] INFO: Enabled item pipelines:
['douban_movies.pipelines.DoubanMoviesPipeline']
2017-05-10 16:30:55 [scrapy.core.engine] INFO: Spider opened
2017-05-10 16:30:55 [scrapy.extensions.logstats] INFO: Crawled 0 pages (at 0 pages/min), scraped 0 items (at 0 items/min)
2017-05-10 16:30:55 [scrapy.extensions.telnet] DEBUG: Telnet console listening on 127.0.0.1:6023
2017-05-10 16:30:55 [scrapy.core.engine] DEBUG: Crawled (200) <GET https://movie.douban.com/j/search_subjects?type=movie&tag=%E7%83%AD%E9%97%A8&sort=recommend&page_limit=20&page_start=0> (referer: None)
2017-05-10 16:30:58 [scrapy.core.engine] DEBUG: Crawled (200) <GET https://movie.douban.com/j/search_subjects?type=movie&tag=%E7%83%AD%E9%97%A8&sort=recommend&page_limit=20&page_start=20> (referer: None)
2017-05-10 16:30:59 [scrapy.core.engine] DEBUG: Crawled (200) <GET https://movie.douban.com/j/search_subjects?type=movie&tag=%E7%83%AD%E9%97%A8&sort=recommend&page_limit=20&page_start=40> (referer: None)
2017-05-10 16:31:02 [scrapy.core.engine] DEBUG: Crawled (200) <GET https://movie.douban.com/subject/6873143/> (referer: https://movie.douban.com/j/search_subjects?type=movie&tag=%E7%83%AD%E9%97%A8&sort=recommend&page_limit=20&page_start=0)
2017-05-10 16:31:03 [scrapy.core.scraper] DEBUG: Scraped from <200 https://movie.douban.com/subject/6873143/>
None
