2017-05-12 09:27:14 [scrapy.utils.log] INFO: Scrapy 1.3.3 started (bot: collectips)
2017-05-12 09:27:14 [scrapy.utils.log] INFO: Overridden settings: {'NEWSPIDER_MODULE': 'collectips.spiders', 'SPIDER_MODULES': ['collectips.spiders'], 'LOG_FILE': 'scrapy.log', 'USER_AGENT': 'collectips (+http://www.yourdomain.com)', 'BOT_NAME': 'collectips'}
2017-05-12 09:27:14 [scrapy.middleware] INFO: Enabled extensions:
['scrapy.extensions.logstats.LogStats',
 'scrapy.extensions.telnet.TelnetConsole',
 'scrapy.extensions.corestats.CoreStats']
2017-05-12 09:27:14 [scrapy.middleware] INFO: Enabled downloader middlewares:
['scrapy.downloadermiddlewares.httpauth.HttpAuthMiddleware',
 'scrapy.downloadermiddlewares.downloadtimeout.DownloadTimeoutMiddleware',
 'scrapy.downloadermiddlewares.defaultheaders.DefaultHeadersMiddleware',
 'scrapy.downloadermiddlewares.useragent.UserAgentMiddleware',
 'scrapy.downloadermiddlewares.retry.RetryMiddleware',
 'scrapy.downloadermiddlewares.redirect.MetaRefreshMiddleware',
 'scrapy.downloadermiddlewares.httpcompression.HttpCompressionMiddleware',
 'scrapy.downloadermiddlewares.redirect.RedirectMiddleware',
 'scrapy.downloadermiddlewares.cookies.CookiesMiddleware',
 'scrapy.downloadermiddlewares.stats.DownloaderStats']
2017-05-12 09:27:14 [scrapy.middleware] INFO: Enabled spider middlewares:
['scrapy.spidermiddlewares.httperror.HttpErrorMiddleware',
 'scrapy.spidermiddlewares.offsite.OffsiteMiddleware',
 'scrapy.spidermiddlewares.referer.RefererMiddleware',
 'scrapy.spidermiddlewares.urllength.UrlLengthMiddleware',
 'scrapy.spidermiddlewares.depth.DepthMiddleware']
2017-05-12 09:27:14 [scrapy.middleware] INFO: Enabled item pipelines:
['collectips.pipelines.CollectipsPipeline']
2017-05-12 09:27:14 [scrapy.core.engine] INFO: Spider opened
2017-05-12 09:27:14 [scrapy.extensions.logstats] INFO: Crawled 0 pages (at 0 pages/min), scraped 0 items (at 0 items/min)
2017-05-12 09:27:14 [scrapy.extensions.telnet] DEBUG: Telnet console listening on 127.0.0.1:6023
2017-05-12 09:27:15 [scrapy.core.engine] DEBUG: Crawled (200) <GET http://www.xicidaili.com/nn/205> (referer: None)
2017-05-12 09:27:15 [scrapy.core.scraper] DEBUG: Scraped from <200 http://www.xicidaili.com/nn/205>
{'ip': u'125.89.122.32',
 'port': u'808',
 'position': u'\u5e7f\u4e1c\u6cb3\u6e90',
 'speed': u'0.491',
 'type': u'HTTPS'}
2017-05-12 09:27:15 [scrapy.core.scraper] DEBUG: Scraped from <200 http://www.xicidaili.com/nn/205>
{'ip': u'113.69.38.93',
 'port': u'808',
 'position': u'\u5e7f\u4e1c\u4f5b\u5c71',
 'speed': u'0.559',
 'type': u'HTTP'}
2017-05-12 09:27:15 [scrapy.core.scraper] DEBUG: Scraped from <200 http://www.xicidaili.com/nn/205>
{'ip': u'113.121.248.171',
 'port': u'808',
 'position': u'\u5c71\u4e1c\u5fb7\u5dde',
 'speed': u'6.876',
 'type': u'HTTP'}
2017-05-12 09:27:15 [scrapy.core.scraper] DEBUG: Scraped from <200 http://www.xicidaili.com/nn/205>
{'ip': u'122.5.133.208',
 'port': u'808',
 'position': u'\u5c71\u4e1c\u5fb7\u5dde',
 'speed': u'1.583',
 'type': u'HTTP'}
2017-05-12 09:27:15 [scrapy.core.scraper] DEBUG: Scraped from <200 http://www.xicidaili.com/nn/205>
{'ip': u'183.10.161.90',
 'port': u'47447',
 'position': u'\u5e7f\u4e1c\u6f6e\u5dde',
 'speed': u'0.212',
 'type': u'HTTP'}
2017-05-12 09:27:15 [scrapy.core.scraper] DEBUG: Scraped from <200 http://www.xicidaili.com/nn/205>
{'ip': u'14.114.162.97',
 'port': u'17377',
 'position': u'\u5e7f\u4e1c\u4e2d\u5c71',
 'speed': u'1.546',
 'type': u'HTTP'}
2017-05-12 09:27:15 [scrapy.core.scraper] DEBUG: Scraped from <200 http://www.xicidaili.com/nn/205>
{'ip': u'222.94.145.41',
 'port': u'808',
 'position': u'\u6c5f\u82cf\u5357\u4eac',
 'speed': u'2.057',
 'type': u'HTTPS'}
2017-05-12 09:27:15 [scrapy.core.scraper] DEBUG: Scraped from <200 http://www.xicidaili.com/nn/205>
{'ip': u'106.85.165.81',
 'port': u'41479',
 'position': u'\u91cd\u5e86',
 'speed': u'1.535',
 'type': u'HTTPS'}
2017-05-12 09:27:15 [scrapy.core.scraper] DEBUG: Scraped from <200 http://www.xicidaili.com/nn/205>
{'ip': u'114.239.151.59',
 'port': u'808',
 'position': u'\u6c5f\u82cf\u5bbf\u8fc1\u5e02\u6cd7\u9633\u53bf',
 'speed': u'0.231',
 'type': u'HTTPS'}
2017-05-12 09:27:16 [scrapy.core.scraper] DEBUG: Scraped from <200 http://www.xicidaili.com/nn/205>
{'ip': u'110.73.15.195',
 'port': u'8123',
 'position': u'\u5e7f\u897f\u9632\u57ce\u6e2f',
 'speed': u'3.446',
 'type': u'HTTP'}
2017-05-12 09:27:16 [scrapy.core.scraper] DEBUG: Scraped from <200 http://www.xicidaili.com/nn/205>
{'ip': u'60.178.84.153',
 'port': u'808',
 'position': u'\u6d59\u6c5f\u5b81\u6ce2',
 'speed': u'1.117',
 'type': u'HTTPS'}
2017-05-12 09:27:16 [scrapy.core.scraper] DEBUG: Scraped from <200 http://www.xicidaili.com/nn/205>
{'ip': u'113.229.171.2',
 'port': u'16217',
 'position': u'\u8fbd\u5b81',
 'speed': u'0.202',
 'type': u'HTTPS'}
2017-05-12 09:27:16 [scrapy.core.scraper] DEBUG: Scraped from <200 http://www.xicidaili.com/nn/205>
{'ip': u'119.250.59.148',
 'port': u'13026',
 'position': u'\u6cb3\u5317\u5eca\u574a',
 'speed': u'1.644',
 'type': u'HTTPS'}
2017-05-12 09:27:16 [scrapy.core.scraper] DEBUG: Scraped from <200 http://www.xicidaili.com/nn/205>
{'ip': u'114.230.233.229',
 'port': u'808',
 'position': u'\u6c5f\u82cf\u626c\u5dde',
 'speed': u'5.955',
 'type': u'HTTP'}
2017-05-12 09:27:16 [scrapy.core.scraper] DEBUG: Scraped from <200 http://www.xicidaili.com/nn/205>
{'ip': u'36.45.157.223',
 'port': u'59324',
 'position': u'\u9655\u897f',
 'speed': u'1.186',
 'type': u'HTTP'}
2017-05-12 09:27:16 [scrapy.core.scraper] DEBUG: Scraped from <200 http://www.xicidaili.com/nn/205>
{'ip': u'114.240.98.72',
 'port': u'59567',
 'position': u'\u5317\u4eac',
 'speed': u'0.637',
 'type': u'HTTP'}
2017-05-12 09:27:16 [scrapy.core.scraper] DEBUG: Scraped from <200 http://www.xicidaili.com/nn/205>
{'ip': u'113.58.233.255',
 'port': u'808',
 'position': u'\u6d77\u5357\u6d77\u53e3',
 'speed': u'0.304',
 'type': u'HTTPS'}
2017-05-12 09:27:16 [scrapy.core.scraper] DEBUG: Scraped from <200 http://www.xicidaili.com/nn/205>
{'ip': u'221.229.44.159',
 'port': u'808',
 'position': u'\u6c5f\u82cf\u626c\u5dde',
 'speed': u'0.182',
 'type': u'HTTPS'}
2017-05-12 09:27:16 [scrapy.core.scraper] DEBUG: Scraped from <200 http://www.xicidaili.com/nn/205>
{'ip': u'218.64.92.123',
 'port': u'808',
 'position': u'\u6c5f\u897f\u5409\u5b89',
 'speed': u'0.263',
 'type': u'HTTPS'}
2017-05-12 09:27:16 [scrapy.core.scraper] DEBUG: Scraped from <200 http://www.xicidaili.com/nn/205>
{'ip': u'222.170.242.172',
 'port': u'18384',
 'position': u'\u9ed1\u9f99\u6c5f\u5927\u5174\u5b89\u5cad\u5730\u533a\u52a0',
 'speed': u'7.417',
 'type': u'HTTPS'}
2017-05-12 09:27:16 [scrapy.core.scraper] DEBUG: Scraped from <200 http://www.xicidaili.com/nn/205>
{'ip': u'120.82.157.154',
 'port': u'38616',
 'position': u'\u5e7f\u4e1c\u6e05\u8fdc',
 'speed': u'7.372',
 'type': u'HTTPS'}
2017-05-12 09:27:16 [scrapy.core.scraper] DEBUG: Scraped from <200 http://www.xicidaili.com/nn/205>
{'ip': u'113.245.155.159',
 'port': u'27785',
 'position': u'\u6e56\u5357\u682a\u6d32',
 'speed': u'2.902',
 'type': u'HTTPS'}
2017-05-12 09:27:16 [scrapy.core.scraper] DEBUG: Scraped from <200 http://www.xicidaili.com/nn/205>
{'ip': u'222.95.28.200',
 'port': u'48026',
 'position': u'\u6c5f\u82cf\u5357\u4eac',
 'speed': u'1.672',
 'type': u'HTTPS'}
2017-05-12 09:27:16 [scrapy.core.scraper] DEBUG: Scraped from <200 http://www.xicidaili.com/nn/205>
{'ip': u'171.38.133.31',
 'port': u'8123',
 'position': u'\u5e7f\u897f\u94a6\u5dde',
 'speed': u'0.516',
 'type': u'HTTPS'}
2017-05-12 09:27:16 [scrapy.core.scraper] DEBUG: Scraped from <200 http://www.xicidaili.com/nn/205>
{'ip': u'14.145.181.96',
 'port': u'28357',
 'position': u'\u5e7f\u4e1c\u5e7f\u5dde',
 'speed': u'0.171',
 'type': u'HTTPS'}
2017-05-12 09:27:16 [scrapy.core.scraper] DEBUG: Scraped from <200 http://www.xicidaili.com/nn/205>
{'ip': u'111.76.129.230',
 'port': u'808',
 'position': u'\u6c5f\u897f\u65b0\u4f59',
 'speed': u'0.25',
 'type': u'HTTP'}
2017-05-12 09:27:16 [scrapy.core.scraper] DEBUG: Scraped from <200 http://www.xicidaili.com/nn/205>
{'ip': u'171.12.228.237',
 'port': u'17033',
 'position': u'\u6cb3\u5357',
 'speed': u'0.22',
 'type': u'HTTPS'}
2017-05-12 09:27:17 [scrapy.core.scraper] DEBUG: Scraped from <200 http://www.xicidaili.com/nn/205>
{'ip': u'183.55.154.223',
 'port': u'18349',
 'position': u'\u5e7f\u4e1c\u97f6\u5173',
 'speed': u'0.234',
 'type': u'HTTP'}
2017-05-12 09:27:17 [scrapy.core.scraper] DEBUG: Scraped from <200 http://www.xicidaili.com/nn/205>
{'ip': u'36.249.31.252',
 'port': u'808',
 'position': u'\u798f\u5efa\u6cc9\u5dde',
 'speed': u'4.664',
 'type': u'HTTPS'}
2017-05-12 09:27:17 [scrapy.core.scraper] DEBUG: Scraped from <200 http://www.xicidaili.com/nn/205>
{'ip': u'222.131.83.193',
 'port': u'59629',
 'position': u'\u5317\u4eac',
 'speed': u'0.207',
 'type': u'HTTP'}
2017-05-12 09:27:17 [scrapy.core.scraper] DEBUG: Scraped from <200 http://www.xicidaili.com/nn/205>
{'ip': u'175.3.178.184',
 'port': u'47282',
 'position': u'\u6e56\u5357',
 'speed': u'0.9',
 'type': u'HTTP'}
2017-05-12 09:27:17 [scrapy.core.scraper] ERROR: Spider error processing <GET http://www.xicidaili.com/nn/205> (referer: None)
Traceback (most recent call last):
  File "d:\hxprogram\python2.7\lib\site-packages\scrapy\utils\defer.py", line 102, in iter_errback
    yield next(it)
  File "d:\hxprogram\python2.7\lib\site-packages\scrapy\spidermiddlewares\offsite.py", line 29, in process_spider_output
    for x in result:
  File "d:\hxprogram\python2.7\lib\site-packages\scrapy\spidermiddlewares\referer.py", line 22, in <genexpr>
    return (_set_referer(r) for r in result or ())
  File "d:\hxprogram\python2.7\lib\site-packages\scrapy\spidermiddlewares\urllength.py", line 37, in <genexpr>
    return (r for r in result or () if _filter(r))
  File "d:\hxprogram\python2.7\lib\site-packages\scrapy\spidermiddlewares\depth.py", line 58, in <genexpr>
    return (r for r in result or () if _filter(r))
  File "C:\Users\Administrator\Desktop\collectips\collectips\spiders\getips.py", line 28, in parse
    pre_item['position'] = ip.xpath('td[4]/a/text()').extract()[0]
IndexError: list index out of range
2017-05-12 09:27:17 [scrapy.core.engine] INFO: Closing spider (finished)
2017-05-12 09:27:17 [scrapy.statscollectors] INFO: Dumping Scrapy stats:
{'downloader/request_bytes': 227,
 'downloader/request_count': 1,
 'downloader/request_method_count/GET': 1,
 'downloader/response_bytes': 8758,
 'downloader/response_count': 1,
 'downloader/response_status_count/200': 1,
 'finish_reason': 'finished',
 'finish_time': datetime.datetime(2017, 5, 12, 1, 27, 17, 159000),
 'item_scraped_count': 31,
 'log_count/DEBUG': 33,
 'log_count/ERROR': 1,
 'log_count/INFO': 7,
 'response_received_count': 1,
 'scheduler/dequeued': 1,
 'scheduler/dequeued/memory': 1,
 'scheduler/enqueued': 1,
 'scheduler/enqueued/memory': 1,
 'spider_exceptions/IndexError': 1,
 'start_time': datetime.datetime(2017, 5, 12, 1, 27, 14, 920000)}
2017-05-12 09:27:17 [scrapy.core.engine] INFO: Spider closed (finished)
2017-05-12 09:31:12 [scrapy.utils.log] INFO: Scrapy 1.3.3 started (bot: collectips)
2017-05-12 09:31:12 [scrapy.utils.log] INFO: Overridden settings: {'NEWSPIDER_MODULE': 'collectips.spiders', 'SPIDER_MODULES': ['collectips.spiders'], 'LOG_FILE': 'scrapy.log', 'USER_AGENT': 'collectips (+http://www.yourdomain.com)', 'BOT_NAME': 'collectips'}
2017-05-12 09:31:12 [scrapy.middleware] INFO: Enabled extensions:
['scrapy.extensions.logstats.LogStats',
 'scrapy.extensions.telnet.TelnetConsole',
 'scrapy.extensions.corestats.CoreStats']
2017-05-12 09:31:12 [scrapy.middleware] INFO: Enabled downloader middlewares:
['scrapy.downloadermiddlewares.httpauth.HttpAuthMiddleware',
 'scrapy.downloadermiddlewares.downloadtimeout.DownloadTimeoutMiddleware',
 'scrapy.downloadermiddlewares.defaultheaders.DefaultHeadersMiddleware',
 'scrapy.downloadermiddlewares.useragent.UserAgentMiddleware',
 'scrapy.downloadermiddlewares.retry.RetryMiddleware',
 'scrapy.downloadermiddlewares.redirect.MetaRefreshMiddleware',
 'scrapy.downloadermiddlewares.httpcompression.HttpCompressionMiddleware',
 'scrapy.downloadermiddlewares.redirect.RedirectMiddleware',
 'scrapy.downloadermiddlewares.cookies.CookiesMiddleware',
 'scrapy.downloadermiddlewares.stats.DownloaderStats']
2017-05-12 09:31:12 [scrapy.middleware] INFO: Enabled spider middlewares:
['scrapy.spidermiddlewares.httperror.HttpErrorMiddleware',
 'scrapy.spidermiddlewares.offsite.OffsiteMiddleware',
 'scrapy.spidermiddlewares.referer.RefererMiddleware',
 'scrapy.spidermiddlewares.urllength.UrlLengthMiddleware',
 'scrapy.spidermiddlewares.depth.DepthMiddleware']
2017-05-12 09:31:12 [scrapy.middleware] INFO: Enabled item pipelines:
['collectips.pipelines.CollectipsPipeline']
2017-05-12 09:31:13 [scrapy.core.engine] INFO: Spider opened
2017-05-12 09:31:13 [scrapy.extensions.logstats] INFO: Crawled 0 pages (at 0 pages/min), scraped 0 items (at 0 items/min)
2017-05-12 09:31:13 [scrapy.extensions.telnet] DEBUG: Telnet console listening on 127.0.0.1:6023
2017-05-12 09:31:13 [scrapy.core.engine] DEBUG: Crawled (200) <GET http://www.xicidaili.com/nn/205> (referer: None)
2017-05-12 09:31:13 [scrapy.core.scraper] DEBUG: Scraped from <200 http://www.xicidaili.com/nn/205>
{'ip': u'125.89.122.32',
 'port': u'808',
 'position': u'\u5e7f\u4e1c\u6cb3\u6e90',
 'speed': u'0.491',
 'type': u'HTTPS'}
2017-05-12 09:31:13 [scrapy.core.scraper] DEBUG: Scraped from <200 http://www.xicidaili.com/nn/205>
{'ip': u'113.69.38.93',
 'port': u'808',
 'position': u'\u5e7f\u4e1c\u4f5b\u5c71',
 'speed': u'0.559',
 'type': u'HTTP'}
2017-05-12 09:31:13 [scrapy.core.scraper] DEBUG: Scraped from <200 http://www.xicidaili.com/nn/205>
{'ip': u'113.121.248.171',
 'port': u'808',
 'position': u'\u5c71\u4e1c\u5fb7\u5dde',
 'speed': u'6.876',
 'type': u'HTTP'}
2017-05-12 09:31:13 [scrapy.core.scraper] DEBUG: Scraped from <200 http://www.xicidaili.com/nn/205>
{'ip': u'122.5.133.208',
 'port': u'808',
 'position': u'\u5c71\u4e1c\u5fb7\u5dde',
 'speed': u'1.583',
 'type': u'HTTP'}
2017-05-12 09:31:13 [scrapy.core.scraper] DEBUG: Scraped from <200 http://www.xicidaili.com/nn/205>
{'ip': u'183.10.161.90',
 'port': u'47447',
 'position': u'\u5e7f\u4e1c\u6f6e\u5dde',
 'speed': u'0.212',
 'type': u'HTTP'}
2017-05-12 09:31:13 [scrapy.core.scraper] DEBUG: Scraped from <200 http://www.xicidaili.com/nn/205>
{'ip': u'14.114.162.97',
 'port': u'17377',
 'position': u'\u5e7f\u4e1c\u4e2d\u5c71',
 'speed': u'1.546',
 'type': u'HTTP'}
2017-05-12 09:31:13 [scrapy.core.scraper] DEBUG: Scraped from <200 http://www.xicidaili.com/nn/205>
{'ip': u'222.94.145.41',
 'port': u'808',
 'position': u'\u6c5f\u82cf\u5357\u4eac',
 'speed': u'2.057',
 'type': u'HTTPS'}
2017-05-12 09:31:13 [scrapy.core.scraper] DEBUG: Scraped from <200 http://www.xicidaili.com/nn/205>
{'ip': u'106.85.165.81',
 'port': u'41479',
 'position': u'\u91cd\u5e86',
 'speed': u'1.535',
 'type': u'HTTPS'}
2017-05-12 09:31:13 [scrapy.core.scraper] DEBUG: Scraped from <200 http://www.xicidaili.com/nn/205>
{'ip': u'114.239.151.59',
 'port': u'808',
 'position': u'\u6c5f\u82cf\u5bbf\u8fc1\u5e02\u6cd7\u9633\u53bf',
 'speed': u'0.231',
 'type': u'HTTPS'}
2017-05-12 09:31:13 [scrapy.core.scraper] DEBUG: Scraped from <200 http://www.xicidaili.com/nn/205>
{'ip': u'110.73.15.195',
 'port': u'8123',
 'position': u'\u5e7f\u897f\u9632\u57ce\u6e2f',
 'speed': u'3.446',
 'type': u'HTTP'}
2017-05-12 09:31:13 [scrapy.core.scraper] DEBUG: Scraped from <200 http://www.xicidaili.com/nn/205>
{'ip': u'60.178.84.153',
 'port': u'808',
 'position': u'\u6d59\u6c5f\u5b81\u6ce2',
 'speed': u'1.117',
 'type': u'HTTPS'}
2017-05-12 09:31:13 [scrapy.core.scraper] DEBUG: Scraped from <200 http://www.xicidaili.com/nn/205>
{'ip': u'113.229.171.2',
 'port': u'16217',
 'position': u'\u8fbd\u5b81',
 'speed': u'0.202',
 'type': u'HTTPS'}
2017-05-12 09:31:13 [scrapy.core.scraper] DEBUG: Scraped from <200 http://www.xicidaili.com/nn/205>
{'ip': u'119.250.59.148',
 'port': u'13026',
 'position': u'\u6cb3\u5317\u5eca\u574a',
 'speed': u'1.644',
 'type': u'HTTPS'}
2017-05-12 09:31:13 [scrapy.core.scraper] DEBUG: Scraped from <200 http://www.xicidaili.com/nn/205>
{'ip': u'114.230.233.229',
 'port': u'808',
 'position': u'\u6c5f\u82cf\u626c\u5dde',
 'speed': u'5.955',
 'type': u'HTTP'}
2017-05-12 09:31:13 [scrapy.core.scraper] DEBUG: Scraped from <200 http://www.xicidaili.com/nn/205>
{'ip': u'36.45.157.223',
 'port': u'59324',
 'position': u'\u9655\u897f',
 'speed': u'1.186',
 'type': u'HTTP'}
2017-05-12 09:31:13 [scrapy.core.scraper] DEBUG: Scraped from <200 http://www.xicidaili.com/nn/205>
{'ip': u'114.240.98.72',
 'port': u'59567',
 'position': u'\u5317\u4eac',
 'speed': u'0.637',
 'type': u'HTTP'}
2017-05-12 09:31:13 [scrapy.core.scraper] DEBUG: Scraped from <200 http://www.xicidaili.com/nn/205>
{'ip': u'113.58.233.255',
 'port': u'808',
 'position': u'\u6d77\u5357\u6d77\u53e3',
 'speed': u'0.304',
 'type': u'HTTPS'}
2017-05-12 09:31:13 [scrapy.core.scraper] DEBUG: Scraped from <200 http://www.xicidaili.com/nn/205>
{'ip': u'221.229.44.159',
 'port': u'808',
 'position': u'\u6c5f\u82cf\u626c\u5dde',
 'speed': u'0.182',
 'type': u'HTTPS'}
2017-05-12 09:31:13 [scrapy.core.scraper] DEBUG: Scraped from <200 http://www.xicidaili.com/nn/205>
{'ip': u'218.64.92.123',
 'port': u'808',
 'position': u'\u6c5f\u897f\u5409\u5b89',
 'speed': u'0.263',
 'type': u'HTTPS'}
2017-05-12 09:31:13 [scrapy.core.scraper] DEBUG: Scraped from <200 http://www.xicidaili.com/nn/205>
{'ip': u'222.170.242.172',
 'port': u'18384',
 'position': u'\u9ed1\u9f99\u6c5f\u5927\u5174\u5b89\u5cad\u5730\u533a\u52a0',
 'speed': u'7.417',
 'type': u'HTTPS'}
2017-05-12 09:31:13 [scrapy.core.scraper] DEBUG: Scraped from <200 http://www.xicidaili.com/nn/205>
{'ip': u'120.82.157.154',
 'port': u'38616',
 'position': u'\u5e7f\u4e1c\u6e05\u8fdc',
 'speed': u'7.372',
 'type': u'HTTPS'}
2017-05-12 09:31:13 [scrapy.core.scraper] DEBUG: Scraped from <200 http://www.xicidaili.com/nn/205>
{'ip': u'113.245.155.159',
 'port': u'27785',
 'position': u'\u6e56\u5357\u682a\u6d32',
 'speed': u'2.902',
 'type': u'HTTPS'}
2017-05-12 09:31:13 [scrapy.core.scraper] DEBUG: Scraped from <200 http://www.xicidaili.com/nn/205>
{'ip': u'222.95.28.200',
 'port': u'48026',
 'position': u'\u6c5f\u82cf\u5357\u4eac',
 'speed': u'1.672',
 'type': u'HTTPS'}
2017-05-12 09:31:14 [scrapy.core.scraper] DEBUG: Scraped from <200 http://www.xicidaili.com/nn/205>
{'ip': u'171.38.133.31',
 'port': u'8123',
 'position': u'\u5e7f\u897f\u94a6\u5dde',
 'speed': u'0.516',
 'type': u'HTTPS'}
2017-05-12 09:31:14 [scrapy.core.scraper] DEBUG: Scraped from <200 http://www.xicidaili.com/nn/205>
{'ip': u'14.145.181.96',
 'port': u'28357',
 'position': u'\u5e7f\u4e1c\u5e7f\u5dde',
 'speed': u'0.171',
 'type': u'HTTPS'}
2017-05-12 09:31:14 [scrapy.core.scraper] DEBUG: Scraped from <200 http://www.xicidaili.com/nn/205>
{'ip': u'111.76.129.230',
 'port': u'808',
 'position': u'\u6c5f\u897f\u65b0\u4f59',
 'speed': u'0.25',
 'type': u'HTTP'}
2017-05-12 09:31:14 [scrapy.core.scraper] DEBUG: Scraped from <200 http://www.xicidaili.com/nn/205>
{'ip': u'171.12.228.237',
 'port': u'17033',
 'position': u'\u6cb3\u5357',
 'speed': u'0.22',
 'type': u'HTTPS'}
2017-05-12 09:31:14 [scrapy.core.scraper] DEBUG: Scraped from <200 http://www.xicidaili.com/nn/205>
{'ip': u'183.55.154.223',
 'port': u'18349',
 'position': u'\u5e7f\u4e1c\u97f6\u5173',
 'speed': u'0.234',
 'type': u'HTTP'}
2017-05-12 09:31:14 [scrapy.core.scraper] DEBUG: Scraped from <200 http://www.xicidaili.com/nn/205>
{'ip': u'36.249.31.252',
 'port': u'808',
 'position': u'\u798f\u5efa\u6cc9\u5dde',
 'speed': u'4.664',
 'type': u'HTTPS'}
2017-05-12 09:31:14 [scrapy.core.scraper] DEBUG: Scraped from <200 http://www.xicidaili.com/nn/205>
{'ip': u'222.131.83.193',
 'port': u'59629',
 'position': u'\u5317\u4eac',
 'speed': u'0.207',
 'type': u'HTTP'}
2017-05-12 09:31:14 [scrapy.core.scraper] DEBUG: Scraped from <200 http://www.xicidaili.com/nn/205>
{'ip': u'175.3.178.184',
 'port': u'47282',
 'position': u'\u6e56\u5357',
 'speed': u'0.9',
 'type': u'HTTP'}
2017-05-12 09:31:14 [scrapy.core.scraper] ERROR: Spider error processing <GET http://www.xicidaili.com/nn/205> (referer: None)
Traceback (most recent call last):
  File "d:\hxprogram\python2.7\lib\site-packages\scrapy\utils\defer.py", line 102, in iter_errback
    yield next(it)
  File "d:\hxprogram\python2.7\lib\site-packages\scrapy\spidermiddlewares\offsite.py", line 29, in process_spider_output
    for x in result:
  File "d:\hxprogram\python2.7\lib\site-packages\scrapy\spidermiddlewares\referer.py", line 22, in <genexpr>
    return (_set_referer(r) for r in result or ())
  File "d:\hxprogram\python2.7\lib\site-packages\scrapy\spidermiddlewares\urllength.py", line 37, in <genexpr>
    return (r for r in result or () if _filter(r))
  File "d:\hxprogram\python2.7\lib\site-packages\scrapy\spidermiddlewares\depth.py", line 58, in <genexpr>
    return (r for r in result or () if _filter(r))
  File "C:\Users\Administrator\Desktop\collectips\collectips\spiders\getips.py", line 28, in parse
    pre_item['position'] = ip.xpath('td[4]/a/text()').extract()[0]
IndexError: list index out of range
2017-05-12 09:31:14 [scrapy.core.engine] INFO: Closing spider (finished)
2017-05-12 09:31:14 [scrapy.statscollectors] INFO: Dumping Scrapy stats:
{'downloader/request_bytes': 227,
 'downloader/request_count': 1,
 'downloader/request_method_count/GET': 1,
 'downloader/response_bytes': 8758,
 'downloader/response_count': 1,
 'downloader/response_status_count/200': 1,
 'finish_reason': 'finished',
 'finish_time': datetime.datetime(2017, 5, 12, 1, 31, 14, 446000),
 'item_scraped_count': 31,
 'log_count/DEBUG': 33,
 'log_count/ERROR': 1,
 'log_count/INFO': 7,
 'response_received_count': 1,
 'scheduler/dequeued': 1,
 'scheduler/dequeued/memory': 1,
 'scheduler/enqueued': 1,
 'scheduler/enqueued/memory': 1,
 'spider_exceptions/IndexError': 1,
 'start_time': datetime.datetime(2017, 5, 12, 1, 31, 13, 9000)}
2017-05-12 09:31:14 [scrapy.core.engine] INFO: Spider closed (finished)
